TN:
SF:App.tsx
FN:40,(anonymous_0)
FN:77,(anonymous_1)
FN:81,(anonymous_2)
FN:85,(anonymous_3)
FN:91,(anonymous_4)
FN:95,(anonymous_5)
FN:99,(anonymous_6)
FN:121,(anonymous_7)
FN:130,(anonymous_8)
FN:131,(anonymous_9)
FN:228,App
FNF:11
FNH:0
FNDA:0,(anonymous_0)
FNDA:0,(anonymous_1)
FNDA:0,(anonymous_2)
FNDA:0,(anonymous_3)
FNDA:0,(anonymous_4)
FNDA:0,(anonymous_5)
FNDA:0,(anonymous_6)
FNDA:0,(anonymous_7)
FNDA:0,(anonymous_8)
FNDA:0,(anonymous_9)
FNDA:0,App
DA:13,0
DA:15,0
DA:20,0
DA:22,0
DA:23,0
DA:29,0
DA:40,0
DA:41,0
DA:69,0
DA:70,0
DA:74,0
DA:77,0
DA:78,0
DA:81,0
DA:82,0
DA:85,0
DA:86,0
DA:88,0
DA:91,0
DA:95,0
DA:96,0
DA:99,0
DA:105,0
DA:107,0
DA:110,0
DA:121,0
DA:122,0
DA:123,0
DA:124,0
DA:126,0
DA:130,0
DA:131,0
DA:132,0
DA:133,0
DA:134,0
DA:135,0
DA:140,0
DA:141,0
DA:142,0
DA:143,0
DA:145,0
DA:146,0
DA:147,0
DA:148,0
DA:150,0
DA:151,0
DA:155,0
DA:158,0
DA:159,0
DA:162,0
DA:163,0
DA:164,0
DA:175,0
DA:176,0
DA:188,0
DA:223,0
DA:229,0
LF:57
LH:0
BRDA:22,0,0,0
BRDA:22,0,1,0
BRDA:22,1,0,0
BRDA:22,1,1,0
BRDA:132,2,0,0
BRDA:132,2,1,0
BRDA:132,3,0,0
BRDA:132,3,1,0
BRDA:132,3,2,0
BRDA:148,4,0,0
BRDA:148,4,1,0
BRDA:150,5,0,0
BRDA:150,5,1,0
BRDA:151,6,0,0
BRDA:151,6,1,0
BRDA:158,7,0,0
BRDA:158,7,1,0
BRDA:162,8,0,0
BRDA:162,8,1,0
BRDA:162,9,0,0
BRDA:162,9,1,0
BRDA:163,10,0,0
BRDA:163,10,1,0
BRDA:175,11,0,0
BRDA:175,11,1,0
BRF:25
BRH:0
end_of_record
TN:
SF:index.ts
FNF:0
FNH:0
DA:8,0
LF:1
LH:0
BRF:0
BRH:0
end_of_record
TN:
SF:src/components/index.ts
FNF:0
FNH:0
LF:0
LH:0
BRF:0
BRH:0
end_of_record
TN:
SF:src/components/albums/AlbumCard.tsx
FN:26,(anonymous_0)
FN:39,(anonymous_1)
FN:45,(anonymous_2)
FN:51,(anonymous_3)
FN:65,(anonymous_4)
FN:68,(anonymous_5)
FN:72,(anonymous_6)
FN:88,(anonymous_7)
FNF:8
FNH:0
FNDA:0,(anonymous_0)
FNDA:0,(anonymous_1)
FNDA:0,(anonymous_2)
FNDA:0,(anonymous_3)
FNDA:0,(anonymous_4)
FNDA:0,(anonymous_5)
FNDA:0,(anonymous_6)
FNDA:0,(anonymous_7)
DA:26,0
DA:32,0
DA:33,0
DA:34,0
DA:35,0
DA:36,0
DA:37,0
DA:39,0
DA:41,0
DA:42,0
DA:45,0
DA:46,0
DA:47,0
DA:51,0
DA:52,0
DA:54,0
DA:55,0
DA:56,0
DA:57,0
DA:59,0
DA:61,0
DA:65,0
DA:66,0
DA:68,0
DA:69,0
DA:72,0
DA:73,0
DA:74,0
DA:77,0
DA:88,0
DA:135,0
LF:31
LH:0
BRDA:46,0,0,0
BRDA:46,0,1,0
BRDA:46,1,0,0
BRDA:46,1,1,0
BRDA:46,1,2,0
BRDA:52,2,0,0
BRDA:52,2,1,0
BRDA:52,3,0,0
BRDA:52,3,1,0
BRDA:69,4,0,0
BRDA:69,4,1,0
BRDA:90,5,0,0
BRDA:90,5,1,0
BRDA:107,6,0,0
BRDA:107,6,1,0
BRDA:120,7,0,0
BRDA:120,7,1,0
BRF:17
BRH:0
end_of_record
TN:
SF:src/components/albums/SavedAlbumsList.tsx
FN:15,(anonymous_0)
FN:28,(anonymous_1)
FN:44,(anonymous_2)
FN:48,(anonymous_3)
FN:72,(anonymous_4)
FNF:5
FNH:0
FNDA:0,(anonymous_0)
FNDA:0,(anonymous_1)
FNDA:0,(anonymous_2)
FNDA:0,(anonymous_3)
FNDA:0,(anonymous_4)
DA:15,0
DA:21,0
DA:22,0
DA:23,0
DA:25,0
DA:28,0
DA:29,0
DA:30,0
DA:32,0
DA:33,0
DA:34,0
DA:36,0
DA:37,0
DA:41,0
DA:44,0
DA:45,0
DA:48,0
DA:49,0
DA:50,0
DA:51,0
DA:52,0
DA:53,0
DA:57,0
DA:59,0
DA:61,0
DA:62,0
DA:69,0
DA:73,0
DA:103,0
LF:29
LH:0
BRDA:18,0,0,0
BRDA:19,1,0,0
BRDA:32,2,0,0
BRDA:32,2,1,0
BRDA:32,3,0,0
BRDA:32,3,1,0
BRDA:36,4,0,0
BRDA:36,4,1,0
BRDA:36,5,0,0
BRDA:36,5,1,0
BRDA:49,6,0,0
BRDA:49,6,1,0
BRDA:49,7,0,0
BRDA:49,7,1,0
BRDA:51,8,0,0
BRDA:51,8,1,0
BRDA:51,9,0,0
BRDA:51,9,1,0
BRDA:57,10,0,0
BRDA:57,10,1,0
BRDA:59,11,0,0
BRDA:59,11,1,0
BRDA:59,11,2,0
BRDA:59,11,3,0
BRDA:61,12,0,0
BRDA:61,12,1,0
BRDA:81,13,0,0
BRDA:81,13,1,0
BRDA:88,14,0,0
BRDA:88,14,1,0
BRF:30
BRH:0
end_of_record
TN:
SF:src/components/auth/LoginScreen.tsx
FN:15,(anonymous_0)
FNF:1
FNH:0
FNDA:0,(anonymous_0)
DA:15,0
DA:22,0
DA:153,0
LF:3
LH:0
BRDA:24,0,0,0
BRDA:24,0,1,0
BRDA:25,1,0,0
BRDA:25,1,1,0
BRDA:28,2,0,0
BRDA:28,2,1,0
BRDA:29,3,0,0
BRDA:29,3,1,0
BRDA:34,4,0,0
BRDA:34,4,1,0
BRDA:38,5,0,0
BRDA:38,5,1,0
BRDA:42,6,0,0
BRDA:42,6,1,0
BRDA:44,7,0,0
BRDA:44,7,1,0
BRDA:51,8,0,0
BRDA:51,8,1,0
BRDA:52,9,0,0
BRDA:52,9,1,0
BRDA:58,10,0,0
BRDA:58,10,1,0
BRDA:61,11,0,0
BRDA:61,11,1,0
BRDA:62,12,0,0
BRDA:62,12,1,0
BRDA:66,13,0,0
BRDA:66,13,1,0
BRDA:68,14,0,0
BRDA:68,14,1,0
BRDA:78,15,0,0
BRDA:78,15,1,0
BRDA:79,16,0,0
BRDA:79,16,1,0
BRDA:83,17,0,0
BRDA:83,17,1,0
BRDA:87,18,0,0
BRDA:87,18,1,0
BRDA:92,19,0,0
BRDA:92,19,1,0
BRDA:93,20,0,0
BRDA:93,20,1,0
BRDA:98,21,0,0
BRDA:98,21,1,0
BRDA:99,22,0,0
BRDA:99,22,1,0
BRDA:104,23,0,0
BRDA:104,23,1,0
BRDA:105,24,0,0
BRDA:105,24,1,0
BRDA:110,25,0,0
BRDA:110,25,1,0
BRDA:111,26,0,0
BRDA:111,26,1,0
BRDA:119,27,0,0
BRDA:119,27,1,0
BRDA:120,28,0,0
BRDA:120,28,1,0
BRDA:123,29,0,0
BRDA:123,29,1,0
BRDA:124,30,0,0
BRDA:124,30,1,0
BRDA:134,31,0,0
BRDA:134,31,1,0
BRDA:135,32,0,0
BRDA:135,32,1,0
BRDA:139,33,0,0
BRDA:139,33,1,0
BRDA:140,34,0,0
BRDA:140,34,1,0
BRF:70
BRH:0
end_of_record
TN:
SF:src/components/dashboard/Dashboard.tsx
FN:58,(anonymous_0)
FNF:1
FNH:0
FNDA:0,(anonymous_0)
DA:58,0
DA:89,0
DA:90,0
DA:199,0
LF:4
LH:0
BRDA:67,0,0,0
BRDA:68,1,0,0
BRDA:69,2,0,0
BRDA:70,3,0,0
BRDA:71,4,0,0
BRDA:72,5,0,0
BRDA:73,6,0,0
BRDA:74,7,0,0
BRDA:75,8,0,0
BRDA:76,9,0,0
BRDA:77,10,0,0
BRDA:115,11,0,0
BRDA:115,11,1,0
BRDA:126,12,0,0
BRDA:126,12,1,0
BRDA:135,13,0,0
BRDA:135,13,1,0
BRDA:144,14,0,0
BRDA:144,14,1,0
BRDA:144,14,2,0
BRDA:154,15,0,0
BRDA:154,15,1,0
BRDA:163,16,0,0
BRDA:163,16,1,0
BRF:24
BRH:0
end_of_record
TN:
SF:src/components/dashboard/ProfileMenu.tsx
FN:22,(anonymous_0)
FN:38,(anonymous_1)
FN:48,(anonymous_2)
FN:56,(anonymous_3)
FN:64,(anonymous_4)
FN:72,(anonymous_5)
FN:79,(anonymous_6)
FN:83,(anonymous_7)
FN:119,(anonymous_8)
FNF:9
FNH:0
FNDA:0,(anonymous_0)
FNDA:0,(anonymous_1)
FNDA:0,(anonymous_2)
FNDA:0,(anonymous_3)
FNDA:0,(anonymous_4)
FNDA:0,(anonymous_5)
FNDA:0,(anonymous_6)
FNDA:0,(anonymous_7)
FNDA:0,(anonymous_8)
DA:22,0
DA:30,0
DA:32,0
DA:39,0
DA:40,0
DA:49,0
DA:50,0
DA:57,0
DA:58,0
DA:65,0
DA:66,0
DA:73,0
DA:74,0
DA:79,0
DA:80,0
DA:83,0
DA:84,0
DA:87,0
DA:120,0
DA:141,0
LF:20
LH:0
BRDA:33,0,0,0
BRDA:33,0,1,0
BRDA:94,1,0,0
BRDA:94,1,1,0
BRDA:99,2,0,0
BRDA:99,2,1,0
BRDA:111,3,0,0
BRDA:111,3,1,0
BRDA:127,4,0,0
BRDA:127,4,1,0
BRF:10
BRH:0
end_of_record
TN:
SF:src/components/dashboard/QuickActions.tsx
FN:12,(anonymous_0)
FN:13,(anonymous_1)
FN:14,(anonymous_2)
FN:15,(anonymous_3)
FNF:4
FNH:0
FNDA:0,(anonymous_0)
FNDA:0,(anonymous_1)
FNDA:0,(anonymous_2)
FNDA:0,(anonymous_3)
DA:12,0
DA:17,0
DA:33,0
LF:3
LH:0
BRDA:13,0,0,0
BRDA:14,1,0,0
BRDA:15,2,0,0
BRF:3
BRH:0
end_of_record
TN:
SF:src/components/dashboard/TagsDashboard.tsx
FN:20,(anonymous_0)
FN:34,(anonymous_1)
FN:38,(anonymous_2)
FN:61,(anonymous_3)
FN:65,(anonymous_4)
FN:69,(anonymous_5)
FN:125,(anonymous_6)
FNF:7
FNH:0
FNDA:0,(anonymous_0)
FNDA:0,(anonymous_1)
FNDA:0,(anonymous_2)
FNDA:0,(anonymous_3)
FNDA:0,(anonymous_4)
FNDA:0,(anonymous_5)
FNDA:0,(anonymous_6)
DA:20,0
DA:27,0
DA:28,0
DA:29,0
DA:30,0
DA:31,0
DA:32,0
DA:34,0
DA:35,0
DA:38,0
DA:39,0
DA:40,0
DA:42,0
DA:44,0
DA:46,0
DA:47,0
DA:48,0
DA:50,0
DA:51,0
DA:53,0
DA:54,0
DA:56,0
DA:61,0
DA:62,0
DA:65,0
DA:66,0
DA:69,0
DA:76,0
DA:77,0
DA:84,0
DA:126,0
DA:171,0
LF:32
LH:0
BRDA:38,0,0,0
BRDA:39,1,0,0
BRDA:39,1,1,0
BRDA:53,2,0,0
BRDA:53,2,1,0
BRDA:66,3,0,0
BRDA:66,3,1,0
BRDA:76,4,0,0
BRDA:76,4,1,0
BRDA:110,5,0,0
BRDA:110,5,1,0
BRDA:116,6,0,0
BRDA:116,6,1,0
BRDA:120,7,0,0
BRDA:120,7,1,0
BRDA:123,8,0,0
BRDA:123,8,1,0
BRF:17
BRH:0
end_of_record
TN:
SF:src/components/dashboard/UserProfile.tsx
FN:12,(anonymous_0)
FNF:1
FNH:0
FNDA:0,(anonymous_0)
DA:12,0
DA:13,0
DA:67,0
LF:3
LH:0
BRDA:16,0,0,0
BRDA:16,0,1,0
BRDA:17,1,0,0
BRDA:17,1,1,0
BRDA:19,2,0,0
BRDA:19,2,1,0
BRDA:23,3,0,0
BRDA:23,3,1,0
BRDA:25,4,0,0
BRDA:25,4,1,0
BRDA:30,5,0,0
BRDA:30,5,1,0
BRDA:34,6,0,0
BRDA:34,6,1,0
BRDA:37,7,0,0
BRDA:37,7,1,0
BRDA:38,8,0,0
BRDA:38,8,1,0
BRDA:40,9,0,0
BRDA:40,9,1,0
BRDA:46,10,0,0
BRDA:46,10,1,0
BRDA:47,11,0,0
BRDA:47,11,1,0
BRDA:50,12,0,0
BRDA:50,12,1,0
BRDA:51,13,0,0
BRDA:51,13,1,0
BRDA:53,14,0,0
BRDA:53,14,1,0
BRDA:56,15,0,0
BRDA:56,15,1,0
BRDA:57,16,0,0
BRDA:57,16,1,0
BRF:34
BRH:0
end_of_record
TN:
SF:src/components/playlists/CreatePlaylistPage.tsx
FN:55,(anonymous_0)
FN:93,(anonymous_1)
FN:98,(anonymous_2)
FN:102,(anonymous_3)
FN:105,(anonymous_4)
FN:106,(anonymous_5)
FN:110,(anonymous_6)
FN:133,(anonymous_7)
FN:135,(anonymous_8)
FN:139,(anonymous_9)
FN:142,(anonymous_10)
FN:143,(anonymous_11)
FN:147,(anonymous_12)
FN:154,(anonymous_13)
FN:156,(anonymous_14)
FN:161,(anonymous_15)
FN:163,(anonymous_16)
FN:167,(anonymous_17)
FN:170,(anonymous_18)
FN:170,(anonymous_19)
FN:171,(anonymous_20)
FN:171,(anonymous_21)
FN:173,(anonymous_22)
FN:174,(anonymous_23)
FN:182,(anonymous_24)
FN:183,(anonymous_25)
FN:200,(anonymous_26)
FN:201,(anonymous_27)
FN:227,(anonymous_28)
FN:231,(anonymous_29)
FN:242,(anonymous_30)
FN:256,(anonymous_31)
FN:262,(anonymous_32)
FN:266,(anonymous_33)
FN:267,(anonymous_34)
FN:268,(anonymous_35)
FN:272,(anonymous_36)
FN:273,(anonymous_37)
FN:274,(anonymous_38)
FN:293,(anonymous_39)
FN:297,(anonymous_40)
FN:298,(anonymous_41)
FN:302,(anonymous_42)
FN:306,(anonymous_43)
FN:310,(anonymous_44)
FN:313,(anonymous_45)
FN:313,(anonymous_46)
FN:315,(anonymous_47)
FN:316,(anonymous_48)
FN:320,(anonymous_49)
FN:321,(anonymous_50)
FN:339,(anonymous_51)
FN:339,(anonymous_52)
FN:350,(anonymous_53)
FN:352,(anonymous_54)
FN:358,(anonymous_55)
FN:359,(anonymous_56)
FN:379,(anonymous_57)
FN:380,(anonymous_58)
FN:404,(anonymous_59)
FN:412,(anonymous_60)
FN:472,(anonymous_61)
FN:476,(anonymous_62)
FN:568,(anonymous_63)
FN:573,(anonymous_64)
FN:580,(anonymous_65)
FNF:66
FNH:0
FNDA:0,(anonymous_0)
FNDA:0,(anonymous_1)
FNDA:0,(anonymous_2)
FNDA:0,(anonymous_3)
FNDA:0,(anonymous_4)
FNDA:0,(anonymous_5)
FNDA:0,(anonymous_6)
FNDA:0,(anonymous_7)
FNDA:0,(anonymous_8)
FNDA:0,(anonymous_9)
FNDA:0,(anonymous_10)
FNDA:0,(anonymous_11)
FNDA:0,(anonymous_12)
FNDA:0,(anonymous_13)
FNDA:0,(anonymous_14)
FNDA:0,(anonymous_15)
FNDA:0,(anonymous_16)
FNDA:0,(anonymous_17)
FNDA:0,(anonymous_18)
FNDA:0,(anonymous_19)
FNDA:0,(anonymous_20)
FNDA:0,(anonymous_21)
FNDA:0,(anonymous_22)
FNDA:0,(anonymous_23)
FNDA:0,(anonymous_24)
FNDA:0,(anonymous_25)
FNDA:0,(anonymous_26)
FNDA:0,(anonymous_27)
FNDA:0,(anonymous_28)
FNDA:0,(anonymous_29)
FNDA:0,(anonymous_30)
FNDA:0,(anonymous_31)
FNDA:0,(anonymous_32)
FNDA:0,(anonymous_33)
FNDA:0,(anonymous_34)
FNDA:0,(anonymous_35)
FNDA:0,(anonymous_36)
FNDA:0,(anonymous_37)
FNDA:0,(anonymous_38)
FNDA:0,(anonymous_39)
FNDA:0,(anonymous_40)
FNDA:0,(anonymous_41)
FNDA:0,(anonymous_42)
FNDA:0,(anonymous_43)
FNDA:0,(anonymous_44)
FNDA:0,(anonymous_45)
FNDA:0,(anonymous_46)
FNDA:0,(anonymous_47)
FNDA:0,(anonymous_48)
FNDA:0,(anonymous_49)
FNDA:0,(anonymous_50)
FNDA:0,(anonymous_51)
FNDA:0,(anonymous_52)
FNDA:0,(anonymous_53)
FNDA:0,(anonymous_54)
FNDA:0,(anonymous_55)
FNDA:0,(anonymous_56)
FNDA:0,(anonymous_57)
FNDA:0,(anonymous_58)
FNDA:0,(anonymous_59)
FNDA:0,(anonymous_60)
FNDA:0,(anonymous_61)
FNDA:0,(anonymous_62)
FNDA:0,(anonymous_63)
FNDA:0,(anonymous_64)
FNDA:0,(anonymous_65)
DA:55,0
DA:64,0
DA:65,0
DA:67,0
DA:68,0
DA:73,0
DA:74,0
DA:75,0
DA:76,0
DA:77,0
DA:78,0
DA:79,0
DA:80,0
DA:81,0
DA:86,0
DA:93,0
DA:94,0
DA:98,0
DA:99,0
DA:102,0
DA:103,0
DA:105,0
DA:106,0
DA:108,0
DA:109,0
DA:110,0
DA:117,0
DA:118,0
DA:119,0
DA:120,0
DA:122,0
DA:123,0
DA:130,0
DA:131,0
DA:133,0
DA:135,0
DA:139,0
DA:140,0
DA:142,0
DA:143,0
DA:145,0
DA:146,0
DA:147,0
DA:154,0
DA:155,0
DA:156,0
DA:158,0
DA:159,0
DA:161,0
DA:163,0
DA:167,0
DA:168,0
DA:170,0
DA:171,0
DA:172,0
DA:173,0
DA:174,0
DA:176,0
DA:177,0
DA:182,0
DA:183,0
DA:187,0
DA:188,0
DA:189,0
DA:193,0
DA:194,0
DA:195,0
DA:196,0
DA:197,0
DA:200,0
DA:201,0
DA:203,0
DA:204,0
DA:205,0
DA:206,0
DA:209,0
DA:217,0
DA:218,0
DA:226,0
DA:227,0
DA:231,0
DA:232,0
DA:233,0
DA:236,0
DA:237,0
DA:242,0
DA:248,0
DA:249,0
DA:250,0
DA:251,0
DA:253,0
DA:254,0
DA:256,0
DA:257,0
DA:258,0
DA:259,0
DA:260,0
DA:262,0
DA:266,0
DA:267,0
DA:268,0
DA:272,0
DA:273,0
DA:274,0
DA:275,0
DA:278,0
DA:282,0
DA:283,0
DA:286,0
DA:288,0
DA:293,0
DA:294,0
DA:296,0
DA:297,0
DA:298,0
DA:299,0
DA:302,0
DA:303,0
DA:306,0
DA:307,0
DA:310,0
DA:311,0
DA:313,0
DA:314,0
DA:315,0
DA:316,0
DA:318,0
DA:320,0
DA:321,0
DA:323,0
DA:324,0
DA:325,0
DA:326,0
DA:329,0
DA:336,0
DA:338,0
DA:339,0
DA:340,0
DA:343,0
DA:344,0
DA:347,0
DA:348,0
DA:350,0
DA:352,0
DA:357,0
DA:358,0
DA:359,0
DA:362,0
DA:379,0
DA:380,0
DA:405,0
DA:412,0
DA:473,0
DA:476,0
DA:568,0
DA:573,0
DA:581,0
DA:663,0
LF:158
LH:0
BRDA:103,0,0,0
BRDA:103,0,1,0
BRDA:113,1,0,0
BRDA:113,1,1,0
BRDA:122,2,0,0
BRDA:122,2,1,0
BRDA:130,3,0,0
BRDA:130,3,1,0
BRDA:140,4,0,0
BRDA:140,4,1,0
BRDA:140,5,0,0
BRDA:140,5,1,0
BRDA:150,6,0,0
BRDA:150,6,1,0
BRDA:158,7,0,0
BRDA:158,7,1,0
BRDA:168,8,0,0
BRDA:168,8,1,0
BRDA:168,9,0,0
BRDA:168,9,1,0
BRDA:176,10,0,0
BRDA:176,10,1,0
BRDA:187,11,0,0
BRDA:187,11,1,0
BRDA:187,12,0,0
BRDA:187,12,1,0
BRDA:188,13,0,0
BRDA:188,13,1,0
BRDA:205,14,0,0
BRDA:205,14,1,0
BRDA:217,15,0,0
BRDA:217,15,1,0
BRDA:236,16,0,0
BRDA:236,16,1,0
BRDA:253,17,0,0
BRDA:253,17,1,0
BRDA:268,18,0,0
BRDA:268,18,1,0
BRDA:275,19,0,0
BRDA:275,19,1,0
BRDA:278,20,0,0
BRDA:278,20,1,0
BRDA:279,21,0,0
BRDA:279,21,1,0
BRDA:282,22,0,0
BRDA:282,22,1,0
BRDA:294,23,0,0
BRDA:294,23,1,0
BRDA:294,24,0,0
BRDA:294,24,1,0
BRDA:311,25,0,0
BRDA:311,25,1,0
BRDA:311,26,0,0
BRDA:311,26,1,0
BRDA:311,26,2,0
BRDA:318,27,0,0
BRDA:318,27,1,0
BRDA:318,28,0,0
BRDA:318,28,1,0
BRDA:325,29,0,0
BRDA:325,29,1,0
BRDA:338,30,0,0
BRDA:338,30,1,0
BRDA:343,31,0,0
BRDA:343,31,1,0
BRDA:347,32,0,0
BRDA:347,32,1,0
BRDA:357,33,0,0
BRDA:357,33,1,0
BRDA:357,33,2,0
BRDA:357,33,3,0
BRDA:383,34,0,0
BRDA:383,34,1,0
BRDA:389,35,0,0
BRDA:389,35,1,0
BRDA:389,36,0,0
BRDA:389,36,1,0
BRDA:394,37,0,0
BRDA:394,37,1,0
BRDA:409,38,0,0
BRDA:409,38,1,0
BRDA:410,39,0,0
BRDA:410,39,1,0
BRDA:415,40,0,0
BRDA:415,40,1,0
BRDA:417,41,0,0
BRDA:417,41,1,0
BRDA:427,42,0,0
BRDA:427,42,1,0
BRDA:428,43,0,0
BRDA:428,43,1,0
BRDA:431,44,0,0
BRDA:431,44,1,0
BRDA:433,45,0,0
BRDA:433,45,1,0
BRDA:438,46,0,0
BRDA:438,46,1,0
BRDA:445,47,0,0
BRDA:445,47,1,0
BRDA:447,48,0,0
BRDA:447,48,1,0
BRDA:475,49,0,0
BRDA:475,49,1,0
BRDA:479,50,0,0
BRDA:479,50,1,0
BRDA:485,51,0,0
BRDA:485,51,1,0
BRDA:487,52,0,0
BRDA:487,52,1,0
BRDA:514,53,0,0
BRDA:514,53,1,0
BRDA:521,54,0,0
BRDA:521,54,1,0
BRDA:527,55,0,0
BRDA:527,55,1,0
BRDA:534,56,0,0
BRDA:534,56,1,0
BRDA:554,57,0,0
BRDA:554,57,1,0
BRDA:560,58,0,0
BRDA:560,58,1,0
BRDA:565,59,0,0
BRDA:565,59,1,0
BRDA:568,60,0,0
BRDA:568,60,1,0
BRDA:573,61,0,0
BRDA:573,61,1,0
BRDA:583,62,0,0
BRDA:583,62,1,0
BRDA:606,63,0,0
BRDA:606,63,1,0
BRDA:618,64,0,0
BRDA:618,64,1,0
BRDA:637,65,0,0
BRDA:637,65,1,0
BRF:135
BRH:0
end_of_record
TN:
SF:src/components/playlists/PlaylistCard.tsx
FN:26,(anonymous_0)
FN:39,(anonymous_1)
FN:48,(anonymous_2)
FN:54,(anonymous_3)
FN:68,(anonymous_4)
FN:71,(anonymous_5)
FN:75,(anonymous_6)
FN:80,(anonymous_7)
FN:95,(anonymous_8)
FNF:9
FNH:0
FNDA:0,(anonymous_0)
FNDA:0,(anonymous_1)
FNDA:0,(anonymous_2)
FNDA:0,(anonymous_3)
FNDA:0,(anonymous_4)
FNDA:0,(anonymous_5)
FNDA:0,(anonymous_6)
FNDA:0,(anonymous_7)
FNDA:0,(anonymous_8)
DA:26,0
DA:32,0
DA:33,0
DA:34,0
DA:35,0
DA:36,0
DA:37,0
DA:39,0
DA:41,0
DA:45,0
DA:48,0
DA:49,0
DA:50,0
DA:54,0
DA:55,0
DA:57,0
DA:58,0
DA:59,0
DA:60,0
DA:62,0
DA:64,0
DA:68,0
DA:69,0
DA:71,0
DA:72,0
DA:75,0
DA:76,0
DA:77,0
DA:80,0
DA:81,0
DA:84,0
DA:95,0
DA:147,0
LF:33
LH:0
BRDA:49,0,0,0
BRDA:49,0,1,0
BRDA:49,1,0,0
BRDA:49,1,1,0
BRDA:49,1,2,0
BRDA:55,2,0,0
BRDA:55,2,1,0
BRDA:55,3,0,0
BRDA:55,3,1,0
BRDA:72,4,0,0
BRDA:72,4,1,0
BRDA:75,5,0,0
BRDA:76,6,0,0
BRDA:76,6,1,0
BRDA:77,7,0,0
BRDA:77,7,1,0
BRDA:97,8,0,0
BRDA:97,8,1,0
BRDA:115,9,0,0
BRDA:115,9,1,0
BRDA:128,10,0,0
BRDA:128,10,1,0
BRF:22
BRH:0
end_of_record
TN:
SF:src/components/playlists/SavedPlaylistsList.tsx
FN:15,(anonymous_0)
FN:28,(anonymous_1)
FN:45,(anonymous_2)
FN:49,(anonymous_3)
FN:73,(anonymous_4)
FNF:5
FNH:0
FNDA:0,(anonymous_0)
FNDA:0,(anonymous_1)
FNDA:0,(anonymous_2)
FNDA:0,(anonymous_3)
FNDA:0,(anonymous_4)
DA:15,0
DA:21,0
DA:22,0
DA:23,0
DA:25,0
DA:28,0
DA:29,0
DA:30,0
DA:32,0
DA:34,0
DA:35,0
DA:37,0
DA:38,0
DA:42,0
DA:45,0
DA:46,0
DA:49,0
DA:50,0
DA:51,0
DA:52,0
DA:53,0
DA:54,0
DA:58,0
DA:60,0
DA:62,0
DA:63,0
DA:70,0
DA:74,0
DA:104,0
LF:29
LH:0
BRDA:18,0,0,0
BRDA:19,1,0,0
BRDA:32,2,0,0
BRDA:32,2,1,0
BRDA:32,3,0,0
BRDA:32,3,1,0
BRDA:37,4,0,0
BRDA:37,4,1,0
BRDA:37,5,0,0
BRDA:37,5,1,0
BRDA:50,6,0,0
BRDA:50,6,1,0
BRDA:50,7,0,0
BRDA:50,7,1,0
BRDA:52,8,0,0
BRDA:52,8,1,0
BRDA:52,9,0,0
BRDA:52,9,1,0
BRDA:58,10,0,0
BRDA:58,10,1,0
BRDA:60,11,0,0
BRDA:60,11,1,0
BRDA:60,11,2,0
BRDA:60,11,3,0
BRDA:62,12,0,0
BRDA:62,12,1,0
BRDA:82,13,0,0
BRDA:82,13,1,0
BRDA:89,14,0,0
BRDA:89,14,1,0
BRF:30
BRH:0
end_of_record
TN:
SF:src/components/search/SearchResultCard.tsx
FN:27,(anonymous_0)
FN:40,(anonymous_1)
FN:58,(anonymous_2)
FN:64,(anonymous_3)
FN:78,(anonymous_4)
FN:82,(anonymous_5)
FN:97,(anonymous_6)
FN:112,(anonymous_7)
FN:127,(anonymous_8)
FN:142,(anonymous_9)
FN:169,(anonymous_10)
FNF:11
FNH:11
FNDA:41,(anonymous_0)
FNDA:16,(anonymous_1)
FNDA:35,(anonymous_2)
FNDA:3,(anonymous_3)
FNDA:19,(anonymous_4)
FNDA:43,(anonymous_5)
FNDA:41,(anonymous_6)
FNDA:41,(anonymous_7)
FNDA:8,(anonymous_8)
FNDA:41,(anonymous_9)
FNDA:1,(anonymous_10)
DA:27,1
DA:33,41
DA:34,41
DA:35,41
DA:36,41
DA:37,41
DA:38,41
DA:40,41
DA:42,16
DA:43,9
DA:44,9
DA:47,7
DA:54,7
DA:58,41
DA:59,35
DA:60,3
DA:64,41
DA:65,3
DA:67,3
DA:68,3
DA:69,3
DA:70,2
DA:72,1
DA:74,3
DA:78,41
DA:79,19
DA:82,41
DA:83,43
DA:85,29
DA:87,6
DA:89,4
DA:91,4
DA:93,0
DA:97,41
DA:98,41
DA:100,27
DA:102,6
DA:104,4
DA:106,4
DA:108,0
DA:112,41
DA:113,41
DA:115,27
DA:117,6
DA:119,4
DA:121,4
DA:123,0
DA:127,41
DA:128,8
DA:130,8
DA:132,0
DA:134,0
DA:136,0
DA:138,0
DA:142,41
DA:143,41
DA:145,27
DA:147,6
DA:149,4
DA:151,4
DA:153,0
DA:157,41
DA:169,1
DA:264,1
LF:64
LH:56
BRDA:42,0,0,9
BRDA:42,0,1,7
BRDA:49,1,0,2
BRDA:49,1,1,5
BRDA:50,2,0,3
BRDA:50,2,1,2
BRDA:51,3,0,2
BRDA:51,3,1,0
BRDA:59,4,0,3
BRDA:59,4,1,32
BRDA:59,5,0,35
BRDA:59,5,1,5
BRDA:59,5,2,3
BRDA:65,6,0,0
BRDA:65,6,1,3
BRDA:65,7,0,3
BRDA:65,7,1,3
BRDA:83,8,0,29
BRDA:83,8,1,6
BRDA:83,8,2,4
BRDA:83,8,3,4
BRDA:83,8,4,0
BRDA:98,9,0,27
BRDA:98,9,1,6
BRDA:98,9,2,4
BRDA:98,9,3,4
BRDA:98,9,4,0
BRDA:113,10,0,27
BRDA:113,10,1,6
BRDA:113,10,2,4
BRDA:113,10,3,4
BRDA:113,10,4,0
BRDA:119,11,0,4
BRDA:119,11,1,0
BRDA:121,12,0,4
BRDA:121,12,1,0
BRDA:128,13,0,8
BRDA:128,13,1,0
BRDA:128,13,2,0
BRDA:128,13,3,0
BRDA:128,13,4,0
BRDA:143,14,0,27
BRDA:143,14,1,6
BRDA:143,14,2,4
BRDA:143,14,3,4
BRDA:143,14,4,0
BRDA:147,15,0,6
BRDA:147,15,1,0
BRDA:149,16,0,4
BRDA:149,16,1,0
BRDA:151,17,0,4
BRDA:151,17,1,0
BRDA:173,18,0,39
BRDA:173,18,1,2
BRDA:173,19,0,41
BRDA:173,19,1,27
BRDA:173,19,2,16
BRDA:173,19,3,6
BRDA:173,19,4,10
BRDA:173,19,5,4
BRDA:173,19,6,6
BRDA:173,19,7,4
BRDA:179,20,0,25
BRDA:179,20,1,14
BRDA:180,21,0,6
BRDA:180,21,1,8
BRDA:181,22,0,4
BRDA:181,22,1,4
BRDA:182,23,0,4
BRDA:182,23,1,0
BRDA:202,24,0,33
BRDA:202,24,1,8
BRDA:202,25,0,41
BRDA:202,25,1,14
BRDA:204,26,0,4
BRDA:204,26,1,4
BRDA:206,27,0,4
BRDA:206,27,1,0
BRDA:231,28,0,41
BRDA:231,28,1,11
BRDA:244,29,0,3
BRDA:244,29,1,8
BRF:82
BRH:65
end_of_record
TN:
SF:src/components/search/SearchResults.tsx
FN:17,(anonymous_0)
FN:26,(anonymous_1)
FN:30,(anonymous_2)
FN:38,(anonymous_3)
FN:45,(anonymous_4)
FN:77,(anonymous_5)
FNF:6
FNH:6
FNDA:17,(anonymous_0)
FNDA:1,(anonymous_1)
FNDA:17,(anonymous_2)
FNDA:66,(anonymous_3)
FNDA:17,(anonymous_4)
FNDA:66,(anonymous_5)
DA:17,1
DA:24,17
DA:26,17
DA:27,1
DA:30,17
DA:31,17
DA:38,17
DA:39,66
DA:42,17
DA:45,17
DA:46,17
DA:47,17
DA:49,17
DA:50,17
DA:51,17
DA:52,17
DA:54,17
DA:55,16
DA:56,14
DA:58,10
DA:61,17
DA:78,66
DA:124,1
LF:23
LH:23
BRDA:27,0,0,0
BRDA:27,0,1,1
BRDA:49,1,0,16
BRDA:49,1,1,1
BRDA:49,2,0,13
BRDA:49,2,1,3
BRDA:50,3,0,14
BRDA:50,3,1,3
BRDA:50,4,0,0
BRDA:50,4,1,14
BRDA:51,5,0,10
BRDA:51,5,1,7
BRDA:51,6,0,0
BRDA:51,6,1,10
BRDA:52,7,0,0
BRDA:52,7,1,17
BRDA:52,8,0,0
BRDA:52,8,1,0
BRDA:54,9,0,1
BRDA:54,9,1,16
BRDA:55,10,0,2
BRDA:55,10,1,14
BRDA:56,11,0,4
BRDA:56,11,1,10
BRDA:68,12,0,17
BRDA:68,12,1,5
BRDA:89,13,0,17
BRDA:89,13,1,5
BRDA:96,14,0,2
BRDA:96,14,1,3
BRDA:113,15,0,17
BRDA:113,15,1,12
BRDA:113,15,2,1
BRF:33
BRH:27
end_of_record
TN:
SF:src/components/search/SearchSection.tsx
FN:13,(anonymous_0)
FN:24,(anonymous_1)
FNF:2
FNH:2
FNDA:15,(anonymous_0)
FNDA:1,(anonymous_1)
DA:13,1
DA:22,15
DA:24,15
DA:25,1
DA:28,15
DA:124,1
LF:6
LH:6
BRDA:53,0,0,15
BRDA:53,0,1,6
BRDA:70,1,0,15
BRDA:70,1,1,2
BRDA:77,2,0,15
BRDA:77,2,1,2
BRDA:90,3,0,15
BRDA:90,3,1,2
BRDA:90,3,2,2
BRDA:101,4,0,15
BRDA:101,4,1,13
BRDA:101,4,2,11
BRDA:101,4,3,5
BRDA:101,4,4,4
BRF:14
BRH:14
end_of_record
TN:
SF:src/components/shared/Button.tsx
FN:17,(anonymous_0)
FN:28,(anonymous_1)
FN:35,(anonymous_2)
FN:47,(anonymous_3)
FNF:4
FNH:0
FNDA:0,(anonymous_0)
FNDA:0,(anonymous_1)
FNDA:0,(anonymous_2)
FNDA:0,(anonymous_3)
DA:17,0
DA:28,0
DA:29,0
DA:30,0
DA:35,0
DA:36,0
DA:37,0
DA:42,0
DA:44,0
DA:47,0
DA:48,0
DA:49,0
DA:53,0
DA:56,0
DA:60,0
DA:78,0
LF:16
LH:0
BRDA:20,0,0,0
BRDA:21,1,0,0
BRDA:29,2,0,0
BRDA:29,2,1,0
BRDA:42,3,0,0
BRDA:42,3,1,0
BRDA:44,4,0,0
BRDA:44,4,1,0
BRDA:49,5,0,0
BRDA:49,5,1,0
BRDA:53,6,0,0
BRDA:53,6,1,0
BRDA:55,7,0,0
BRDA:55,7,1,0
BRDA:56,8,0,0
BRDA:56,8,1,0
BRDA:62,9,0,0
BRDA:62,9,1,0
BRDA:69,10,0,0
BRDA:69,10,1,0
BRF:20
BRH:0
end_of_record
TN:
SF:src/components/shared/GradientCard.tsx
FN:13,(anonymous_0)
FN:20,(anonymous_1)
FNF:2
FNH:1
FNDA:41,(anonymous_0)
FNDA:0,(anonymous_1)
DA:13,1
DA:20,41
DA:21,0
DA:22,0
DA:26,41
DA:28,41
DA:39,1
LF:7
LH:5
BRDA:22,0,0,0
BRDA:22,0,1,0
BRDA:26,1,0,0
BRDA:26,1,1,41
BRDA:31,2,0,0
BRDA:31,2,1,41
BRDA:32,3,0,41
BRDA:32,3,1,0
BRF:8
BRH:3
end_of_record
TN:
SF:src/components/shared/LoadingSpinner.tsx
FN:14,(anonymous_0)
FN:23,(anonymous_1)
FN:30,(anonymous_2)
FNF:3
FNH:1
FNDA:4,(anonymous_0)
FNDA:0,(anonymous_1)
FNDA:0,(anonymous_2)
DA:14,2
DA:23,4
DA:24,0
DA:27,0
DA:30,4
DA:31,0
DA:34,0
DA:38,4
DA:44,4
DA:46,4
DA:62,2
LF:11
LH:7
BRDA:15,0,0,2
BRDA:16,1,0,0
BRDA:17,2,0,4
BRDA:18,3,0,0
BRDA:24,4,0,0
BRDA:24,4,1,0
BRDA:27,5,0,0
BRDA:27,5,1,0
BRDA:31,6,0,0
BRDA:31,6,1,0
BRDA:34,7,0,0
BRDA:34,7,1,0
BRDA:38,8,0,0
BRDA:38,8,1,4
BRDA:40,9,0,4
BRDA:40,9,1,0
BRDA:44,10,0,0
BRDA:44,10,1,4
BRDA:44,11,0,4
BRDA:44,11,1,0
BRDA:48,12,0,0
BRDA:48,12,1,4
BRDA:53,13,0,0
BRDA:53,13,1,4
BRF:24
BRH:8
end_of_record
TN:
SF:src/components/tracks/NowPlaying.tsx
FN:13,(anonymous_0)
FN:30,(anonymous_1)
FN:115,(anonymous_2)
FNF:3
FNH:0
FNDA:0,(anonymous_0)
FNDA:0,(anonymous_1)
FNDA:0,(anonymous_2)
DA:13,0
DA:14,0
DA:15,0
DA:16,0
DA:18,0
DA:30,0
DA:31,0
DA:32,0
DA:33,0
DA:36,0
DA:37,0
DA:40,0
DA:127,0
LF:13
LH:0
BRDA:36,0,0,0
BRDA:36,0,1,0
BRDA:53,1,0,0
BRDA:53,1,1,0
BRDA:70,2,0,0
BRDA:70,2,1,0
BRDA:95,3,0,0
BRDA:95,3,1,0
BRDA:111,4,0,0
BRDA:111,4,1,0
BRDA:112,5,0,0
BRDA:112,5,1,0
BRDA:112,6,0,0
BRDA:112,6,1,0
BRF:14
BRH:0
end_of_record
TN:
SF:src/components/tracks/RecentTracksList.tsx
FN:15,(anonymous_0)
FN:28,(anonymous_1)
FN:44,(anonymous_2)
FN:48,(anonymous_3)
FN:68,(anonymous_4)
FNF:5
FNH:0
FNDA:0,(anonymous_0)
FNDA:0,(anonymous_1)
FNDA:0,(anonymous_2)
FNDA:0,(anonymous_3)
FNDA:0,(anonymous_4)
DA:15,0
DA:21,0
DA:22,0
DA:23,0
DA:25,0
DA:28,0
DA:29,0
DA:30,0
DA:32,0
DA:33,0
DA:34,0
DA:36,0
DA:37,0
DA:41,0
DA:44,0
DA:45,0
DA:48,0
DA:49,0
DA:50,0
DA:51,0
DA:52,0
DA:53,0
DA:57,0
DA:59,0
DA:61,0
DA:62,0
DA:65,0
DA:69,0
DA:99,0
LF:29
LH:0
BRDA:18,0,0,0
BRDA:19,1,0,0
BRDA:32,2,0,0
BRDA:32,2,1,0
BRDA:32,3,0,0
BRDA:32,3,1,0
BRDA:36,4,0,0
BRDA:36,4,1,0
BRDA:36,5,0,0
BRDA:36,5,1,0
BRDA:49,6,0,0
BRDA:49,6,1,0
BRDA:49,7,0,0
BRDA:49,7,1,0
BRDA:51,8,0,0
BRDA:51,8,1,0
BRDA:51,9,0,0
BRDA:51,9,1,0
BRDA:57,10,0,0
BRDA:57,10,1,0
BRDA:59,11,0,0
BRDA:59,11,1,0
BRDA:59,11,2,0
BRDA:59,11,3,0
BRDA:61,12,0,0
BRDA:61,12,1,0
BRDA:77,13,0,0
BRDA:77,13,1,0
BRDA:84,14,0,0
BRDA:84,14,1,0
BRF:30
BRH:0
end_of_record
TN:
SF:src/components/tracks/SavedTracksList.tsx
FN:16,(anonymous_0)
FN:30,(anonymous_1)
FN:50,(anonymous_2)
FN:54,(anonymous_3)
FN:91,(anonymous_4)
FNF:5
FNH:0
FNDA:0,(anonymous_0)
FNDA:0,(anonymous_1)
FNDA:0,(anonymous_2)
FNDA:0,(anonymous_3)
FNDA:0,(anonymous_4)
DA:16,0
DA:23,0
DA:24,0
DA:25,0
DA:27,0
DA:30,0
DA:31,0
DA:32,0
DA:35,0
DA:37,0
DA:39,0
DA:41,0
DA:42,0
DA:47,0
DA:50,0
DA:51,0
DA:54,0
DA:55,0
DA:57,0
DA:58,0
DA:60,0
DA:62,0
DA:66,0
DA:68,0
DA:70,0
DA:71,0
DA:74,0
DA:92,0
DA:131,0
LF:29
LH:0
BRDA:19,0,0,0
BRDA:20,1,0,0
BRDA:21,2,0,0
BRDA:35,3,0,0
BRDA:35,3,1,0
BRDA:35,4,0,0
BRDA:35,4,1,0
BRDA:41,5,0,0
BRDA:41,5,1,0
BRDA:41,6,0,0
BRDA:41,6,1,0
BRDA:55,7,0,0
BRDA:55,7,1,0
BRDA:55,8,0,0
BRDA:55,8,1,0
BRDA:58,9,0,0
BRDA:58,9,1,0
BRDA:58,10,0,0
BRDA:58,10,1,0
BRDA:66,11,0,0
BRDA:66,11,1,0
BRDA:68,12,0,0
BRDA:68,12,1,0
BRDA:68,12,2,0
BRDA:68,12,3,0
BRDA:70,13,0,0
BRDA:70,13,1,0
BRDA:70,14,0,0
BRDA:70,14,1,0
BRDA:76,15,0,0
BRDA:76,15,1,0
BRDA:76,15,2,0
BRDA:82,16,0,0
BRDA:82,16,1,0
BRDA:85,17,0,0
BRDA:85,17,1,0
BRDA:93,18,0,0
BRDA:93,18,1,0
BRDA:107,19,0,0
BRDA:107,19,1,0
BRDA:114,20,0,0
BRDA:114,20,1,0
BRF:42
BRH:0
end_of_record
TN:
SF:src/components/tracks/TagCard.tsx
FN:26,(anonymous_0)
FN:40,(anonymous_1)
FN:55,(anonymous_2)
FN:61,(anonymous_3)
FN:65,(anonymous_4)
FN:76,(anonymous_5)
FN:87,(anonymous_6)
FN:92,(anonymous_7)
FN:95,(anonymous_8)
FN:101,(anonymous_9)
FN:101,(anonymous_10)
FN:110,(anonymous_11)
FN:128,(anonymous_12)
FN:168,(anonymous_13)
FN:183,(anonymous_14)
FNF:15
FNH:0
FNDA:0,(anonymous_0)
FNDA:0,(anonymous_1)
FNDA:0,(anonymous_2)
FNDA:0,(anonymous_3)
FNDA:0,(anonymous_4)
FNDA:0,(anonymous_5)
FNDA:0,(anonymous_6)
FNDA:0,(anonymous_7)
FNDA:0,(anonymous_8)
FNDA:0,(anonymous_9)
FNDA:0,(anonymous_10)
FNDA:0,(anonymous_11)
FNDA:0,(anonymous_12)
FNDA:0,(anonymous_13)
FNDA:0,(anonymous_14)
DA:26,0
DA:33,0
DA:34,0
DA:35,0
DA:36,0
DA:37,0
DA:38,0
DA:40,0
DA:41,0
DA:43,0
DA:45,0
DA:46,0
DA:47,0
DA:48,0
DA:50,0
DA:51,0
DA:55,0
DA:56,0
DA:57,0
DA:61,0
DA:62,0
DA:65,0
DA:67,0
DA:68,0
DA:69,0
DA:70,0
DA:71,0
DA:73,0
DA:76,0
DA:77,0
DA:79,0
DA:87,0
DA:92,0
DA:93,0
DA:95,0
DA:97,0
DA:98,0
DA:101,0
DA:104,0
DA:105,0
DA:108,0
DA:110,0
DA:111,0
DA:112,0
DA:113,0
DA:118,0
DA:128,0
DA:169,0
DA:170,0
DA:183,0
DA:208,0
LF:51
LH:0
BRDA:41,0,0,0
BRDA:41,0,1,0
BRDA:56,1,0,0
BRDA:56,1,1,0
BRDA:56,2,0,0
BRDA:56,2,1,0
BRDA:68,3,0,0
BRDA:68,3,1,0
BRDA:77,4,0,0
BRDA:77,4,1,0
BRDA:93,5,0,0
BRDA:93,5,1,0
BRDA:104,6,0,0
BRDA:104,6,1,0
BRDA:140,7,0,0
BRDA:140,7,1,0
BRDA:140,8,0,0
BRDA:140,8,1,0
BRDA:145,9,0,0
BRDA:145,9,1,0
BRDA:158,10,0,0
BRDA:158,10,1,0
BRDA:165,11,0,0
BRDA:165,11,1,0
BRDA:174,12,0,0
BRDA:174,12,1,0
BRF:26
BRH:0
end_of_record
TN:
SF:src/components/tracks/TaggingInterface.tsx
FNF:0
FNH:0
LF:0
LH:0
BRF:0
BRH:0
end_of_record
TN:
SF:src/components/tracks/TopTracksList.tsx
FN:15,(anonymous_0)
FN:28,(anonymous_1)
FN:48,(anonymous_2)
FN:52,(anonymous_3)
FN:79,(anonymous_4)
FNF:5
FNH:0
FNDA:0,(anonymous_0)
FNDA:0,(anonymous_1)
FNDA:0,(anonymous_2)
FNDA:0,(anonymous_3)
FNDA:0,(anonymous_4)
DA:15,0
DA:21,0
DA:22,0
DA:23,0
DA:25,0
DA:28,0
DA:29,0
DA:30,0
DA:33,0
DA:35,0
DA:37,0
DA:39,0
DA:40,0
DA:45,0
DA:48,0
DA:49,0
DA:52,0
DA:53,0
DA:55,0
DA:56,0
DA:58,0
DA:60,0
DA:64,0
DA:66,0
DA:68,0
DA:69,0
DA:76,0
DA:80,0
DA:117,0
LF:29
LH:0
BRDA:18,0,0,0
BRDA:19,1,0,0
BRDA:33,2,0,0
BRDA:33,2,1,0
BRDA:33,3,0,0
BRDA:33,3,1,0
BRDA:39,4,0,0
BRDA:39,4,1,0
BRDA:39,5,0,0
BRDA:39,5,1,0
BRDA:53,6,0,0
BRDA:53,6,1,0
BRDA:53,7,0,0
BRDA:53,7,1,0
BRDA:56,8,0,0
BRDA:56,8,1,0
BRDA:56,9,0,0
BRDA:56,9,1,0
BRDA:64,10,0,0
BRDA:64,10,1,0
BRDA:66,11,0,0
BRDA:66,11,1,0
BRDA:66,11,2,0
BRDA:66,11,3,0
BRDA:68,12,0,0
BRDA:68,12,1,0
BRDA:95,13,0,0
BRDA:95,13,1,0
BRDA:102,14,0,0
BRDA:102,14,1,0
BRF:30
BRH:0
end_of_record
TN:
SF:src/components/tracks/TrackCard.tsx
FN:27,(anonymous_0)
FN:40,(anonymous_1)
FN:46,(anonymous_2)
FN:52,(anonymous_3)
FN:66,(anonymous_4)
FN:70,(anonymous_5)
FN:84,(anonymous_6)
FNF:7
FNH:0
FNDA:0,(anonymous_0)
FNDA:0,(anonymous_1)
FNDA:0,(anonymous_2)
FNDA:0,(anonymous_3)
FNDA:0,(anonymous_4)
FNDA:0,(anonymous_5)
FNDA:0,(anonymous_6)
DA:27,0
DA:33,0
DA:34,0
DA:35,0
DA:36,0
DA:37,0
DA:38,0
DA:40,0
DA:42,0
DA:43,0
DA:46,0
DA:47,0
DA:48,0
DA:52,0
DA:53,0
DA:55,0
DA:56,0
DA:57,0
DA:58,0
DA:60,0
DA:62,0
DA:66,0
DA:67,0
DA:70,0
DA:71,0
DA:74,0
DA:84,0
DA:141,0
LF:28
LH:0
BRDA:47,0,0,0
BRDA:47,0,1,0
BRDA:47,1,0,0
BRDA:47,1,1,0
BRDA:47,1,2,0
BRDA:53,2,0,0
BRDA:53,2,1,0
BRDA:53,3,0,0
BRDA:53,3,1,0
BRDA:86,4,0,0
BRDA:86,4,1,0
BRDA:95,5,0,0
BRDA:95,5,1,0
BRDA:99,6,0,0
BRDA:99,6,1,0
BRDA:101,7,0,0
BRDA:101,7,1,0
BRDA:108,8,0,0
BRDA:108,8,1,0
BRDA:121,9,0,0
BRDA:121,9,1,0
BRF:21
BRH:0
end_of_record
TN:
SF:src/components/tracks/TracksList.tsx
FN:19,(anonymous_0)
FN:34,(anonymous_1)
FN:45,(anonymous_2)
FN:65,(anonymous_3)
FN:87,(anonymous_4)
FN:98,(anonymous_5)
FN:106,(anonymous_6)
FNF:7
FNH:0
FNDA:0,(anonymous_0)
FNDA:0,(anonymous_1)
FNDA:0,(anonymous_2)
FNDA:0,(anonymous_3)
FNDA:0,(anonymous_4)
FNDA:0,(anonymous_5)
FNDA:0,(anonymous_6)
DA:19,0
DA:27,0
DA:28,0
DA:29,0
DA:31,0
DA:34,0
DA:35,0
DA:37,0
DA:40,0
DA:45,0
DA:46,0
DA:47,0
DA:50,0
DA:52,0
DA:54,0
DA:56,0
DA:57,0
DA:62,0
DA:65,0
DA:66,0
DA:69,0
DA:70,0
DA:71,0
DA:72,0
DA:74,0
DA:75,0
DA:83,0
DA:88,0
DA:98,0
DA:106,0
DA:127,0
LF:31
LH:0
BRDA:22,0,0,0
BRDA:23,1,0,0
BRDA:25,2,0,0
BRDA:35,3,0,0
BRDA:35,3,1,0
BRDA:40,4,0,0
BRDA:40,4,1,0
BRDA:50,5,0,0
BRDA:50,5,1,0
BRDA:50,6,0,0
BRDA:50,6,1,0
BRDA:56,7,0,0
BRDA:56,7,1,0
BRDA:56,8,0,0
BRDA:56,8,1,0
BRDA:66,9,0,0
BRDA:66,9,1,0
BRDA:69,10,0,0
BRDA:69,10,1,0
BRDA:71,11,0,0
BRDA:71,11,1,0
BRDA:71,11,2,0
BRDA:72,12,0,0
BRDA:72,12,1,0
BRDA:72,12,2,0
BRDA:72,12,3,0
BRDA:74,13,0,0
BRDA:74,13,1,0
BRDA:77,14,0,0
BRDA:77,14,1,0
BRDA:85,15,0,0
BRDA:85,15,1,0
BRDA:97,16,0,0
BRDA:97,16,1,0
BRDA:105,17,0,0
BRDA:105,17,1,0
BRDA:105,17,2,0
BRDA:105,17,3,0
BRDA:111,18,0,0
BRDA:111,18,1,0
BRDA:117,19,0,0
BRDA:117,19,1,0
BRF:42
BRH:0
end_of_record
TN:
SF:src/components/tracks/tagging/CurrentTags.tsx
FN:12,(anonymous_0)
FN:15,(anonymous_1)
FN:20,(anonymous_2)
FNF:3
FNH:2
FNDA:8,(anonymous_0)
FNDA:2,(anonymous_1)
FNDA:0,(anonymous_2)
DA:12,1
DA:13,8
DA:16,2
DA:20,0
DA:31,1
LF:5
LH:4
BRF:0
BRH:0
end_of_record
TN:
SF:src/components/tracks/tagging/TagInput.tsx
FN:19,(anonymous_0)
FNF:1
FNH:1
FNDA:8,(anonymous_0)
DA:19,1
DA:25,8
DA:51,1
LF:3
LH:3
BRDA:37,0,0,8
BRDA:37,0,1,0
BRDA:39,1,0,8
BRDA:39,1,1,8
BRDA:41,2,0,0
BRDA:41,2,1,8
BRF:6
BRH:4
end_of_record
TN:
SF:src/components/tracks/tagging/TagSuggestions.tsx
FN:14,(anonymous_0)
FN:39,(anonymous_1)
FN:43,(anonymous_2)
FNF:3
FNH:1
FNDA:8,(anonymous_0)
FNDA:0,(anonymous_1)
FNDA:0,(anonymous_2)
DA:14,1
DA:21,8
DA:22,8
DA:25,0
DA:40,0
DA:43,0
DA:55,1
LF:7
LH:4
BRDA:21,0,0,8
BRDA:21,0,1,0
BRDA:29,1,0,0
BRDA:29,1,1,0
BRDA:33,2,0,0
BRDA:33,2,1,0
BRF:6
BRH:1
end_of_record
TN:
SF:src/components/tracks/tagging/TaggingInterface.tsx
FN:17,(anonymous_0)
FN:51,(anonymous_1)
FNF:2
FNH:1
FNDA:8,(anonymous_0)
FNDA:0,(anonymous_1)
DA:17,1
DA:33,8
DA:35,8
DA:51,0
DA:59,1
LF:5
LH:4
BRF:0
BRH:0
end_of_record
TN:
SF:src/components/tracks/tagging/useTagging.ts
FN:14,(anonymous_0)
FN:21,(anonymous_1)
FN:27,(anonymous_2)
FN:38,(anonymous_3)
FN:52,(anonymous_4)
FN:79,(anonymous_5)
FN:83,(anonymous_6)
FN:101,(anonymous_7)
FN:102,(anonymous_8)
FN:103,(anonymous_9)
FNF:10
FNH:5
FNDA:8,(anonymous_0)
FNDA:7,(anonymous_1)
FNDA:6,(anonymous_2)
FNDA:0,(anonymous_3)
FNDA:0,(anonymous_4)
FNDA:0,(anonymous_5)
FNDA:0,(anonymous_6)
FNDA:8,(anonymous_7)
FNDA:2,(anonymous_8)
FNDA:0,(anonymous_9)
DA:14,1
DA:15,8
DA:16,8
DA:17,8
DA:18,8
DA:19,8
DA:21,8
DA:22,7
DA:23,6
DA:27,8
DA:28,6
DA:30,6
DA:31,6
DA:32,6
DA:38,8
DA:39,0
DA:41,0
DA:42,0
DA:43,0
DA:44,0
DA:46,0
DA:48,0
DA:52,8
DA:53,0
DA:55,0
DA:56,0
DA:58,0
DA:63,0
DA:66,0
DA:68,0
DA:69,0
DA:70,0
DA:71,0
DA:73,0
DA:75,0
DA:79,8
DA:80,0
DA:83,0
DA:84,0
DA:85,0
DA:86,0
DA:89,0
DA:90,0
DA:91,0
DA:92,0
DA:93,0
DA:95,0
DA:97,0
DA:101,8
DA:102,8
DA:103,8
DA:106,8
LF:52
LH:21
BRDA:22,0,0,6
BRDA:22,0,1,1
BRDA:28,1,0,0
BRDA:28,1,1,6
BRDA:39,2,0,0
BRDA:39,2,1,0
BRDA:53,3,0,0
BRDA:53,3,1,0
BRDA:53,4,0,0
BRDA:53,4,1,0
BRDA:80,5,0,0
BRDA:80,5,1,0
BRDA:84,6,0,0
BRDA:84,6,1,0
BRF:14
BRH:3
end_of_record
TN:
SF:src/contexts/AuthContext.tsx
FN:23,(anonymous_0)
FN:30,(anonymous_1)
FN:38,(anonymous_2)
FN:48,(anonymous_3)
FN:77,(anonymous_4)
FN:78,(anonymous_5)
FN:116,(anonymous_6)
FNF:7
FNH:0
FNDA:0,(anonymous_0)
FNDA:0,(anonymous_1)
FNDA:0,(anonymous_2)
FNDA:0,(anonymous_3)
FNDA:0,(anonymous_4)
FNDA:0,(anonymous_5)
FNDA:0,(anonymous_6)
DA:17,3
DA:23,3
DA:24,0
DA:25,0
DA:26,0
DA:27,0
DA:28,0
DA:30,0
DA:31,0
DA:32,0
DA:33,0
DA:34,0
DA:35,0
DA:38,0
DA:40,0
DA:41,0
DA:42,0
DA:44,0
DA:48,0
DA:49,0
DA:50,0
DA:51,0
DA:53,0
DA:54,0
DA:55,0
DA:56,0
DA:58,0
DA:63,0
DA:64,0
DA:66,0
DA:69,0
DA:73,0
DA:74,0
DA:77,0
DA:78,0
DA:79,0
DA:80,0
DA:81,0
DA:82,0
DA:83,0
DA:84,0
DA:87,0
DA:88,0
DA:90,0
DA:91,0
DA:92,0
DA:94,0
DA:98,0
DA:101,0
DA:113,0
DA:116,3
DA:117,0
DA:118,0
DA:119,0
DA:121,0
LF:55
LH:3
BRDA:40,0,0,0
BRDA:40,0,1,0
BRDA:41,1,0,0
BRDA:41,1,1,0
BRDA:50,2,0,0
BRDA:50,2,1,0
BRDA:63,3,0,0
BRDA:63,3,1,0
BRDA:82,4,0,0
BRDA:82,4,1,0
BRDA:87,5,0,0
BRDA:87,5,1,0
BRDA:118,6,0,0
BRDA:118,6,1,0
BRF:14
BRH:0
end_of_record
TN:
SF:src/contexts/ExpansionContext.tsx
FN:31,(anonymous_0)
FN:34,(anonymous_1)
FN:44,(anonymous_2)
FN:60,(anonymous_3)
FN:74,(anonymous_4)
FNF:5
FNH:0
FNDA:0,(anonymous_0)
FNDA:0,(anonymous_1)
FNDA:0,(anonymous_2)
FNDA:0,(anonymous_3)
FNDA:0,(anonymous_4)
DA:25,0
DA:31,0
DA:32,0
DA:34,0
DA:35,0
DA:37,0
DA:44,0
DA:45,0
DA:47,0
DA:49,0
DA:52,0
DA:60,0
DA:61,0
DA:64,0
DA:71,0
DA:74,0
DA:75,0
DA:76,0
DA:77,0
DA:79,0
LF:20
LH:0
BRDA:35,0,0,0
BRDA:35,0,1,0
BRDA:38,1,0,0
BRDA:38,1,1,0
BRDA:38,1,2,0
BRDA:47,2,0,0
BRDA:47,2,1,0
BRDA:76,3,0,0
BRDA:76,3,1,0
BRF:9
BRH:0
end_of_record
TN:
SF:src/hooks/useAnimation.ts
FN:6,(anonymous_0)
FN:7,(anonymous_1)
FN:14,(anonymous_2)
FNF:3
FNH:0
FNDA:0,(anonymous_0)
FNDA:0,(anonymous_1)
FNDA:0,(anonymous_2)
DA:6,0
DA:7,0
DA:14,0
DA:15,0
DA:16,0
DA:18,0
DA:19,0
DA:42,0
DA:67,0
LF:9
LH:0
BRDA:18,0,0,0
BRDA:18,0,1,0
BRF:2
BRH:0
end_of_record
TN:
SF:src/hooks/useSavedLibrary.ts
FN:43,(anonymous_0)
FN:68,(anonymous_1)
FN:74,(anonymous_2)
FN:88,(anonymous_3)
FN:122,(anonymous_4)
FN:148,(anonymous_5)
FN:149,(anonymous_6)
FN:184,(anonymous_7)
FN:207,(anonymous_8)
FN:208,(anonymous_9)
FN:242,(anonymous_10)
FN:264,(anonymous_11)
FN:277,(anonymous_12)
FN:290,(anonymous_13)
FN:303,(anonymous_14)
FNF:15
FNH:0
FNDA:0,(anonymous_0)
FNDA:0,(anonymous_1)
FNDA:0,(anonymous_2)
FNDA:0,(anonymous_3)
FNDA:0,(anonymous_4)
FNDA:0,(anonymous_5)
FNDA:0,(anonymous_6)
FNDA:0,(anonymous_7)
FNDA:0,(anonymous_8)
FNDA:0,(anonymous_9)
FNDA:0,(anonymous_10)
FNDA:0,(anonymous_11)
FNDA:0,(anonymous_12)
FNDA:0,(anonymous_13)
FNDA:0,(anonymous_14)
DA:43,0
DA:44,0
DA:46,0
DA:49,0
DA:50,0
DA:53,0
DA:54,0
DA:55,0
DA:56,0
DA:57,0
DA:60,0
DA:61,0
DA:64,0
DA:65,0
DA:66,0
DA:68,0
DA:69,0
DA:70,0
DA:71,0
DA:74,0
DA:75,0
DA:76,0
DA:77,0
DA:78,0
DA:79,0
DA:80,0
DA:81,0
DA:82,0
DA:83,0
DA:84,0
DA:87,0
DA:93,0
DA:95,0
DA:96,0
DA:97,0
DA:98,0
DA:100,0
DA:103,0
DA:105,0
DA:110,0
DA:111,0
DA:112,0
DA:115,0
DA:121,0
DA:123,0
DA:124,0
DA:125,0
DA:126,0
DA:128,0
DA:131,0
DA:132,0
DA:133,0
DA:137,0
DA:138,0
DA:143,0
DA:146,0
DA:148,0
DA:149,0
DA:151,0
DA:152,0
DA:153,0
DA:156,0
DA:157,0
DA:158,0
DA:159,0
DA:161,0
DA:162,0
DA:163,0
DA:166,0
DA:167,0
DA:168,0
DA:169,0
DA:171,0
DA:173,0
DA:174,0
DA:176,0
DA:183,0
DA:185,0
DA:186,0
DA:187,0
DA:188,0
DA:190,0
DA:193,0
DA:194,0
DA:195,0
DA:199,0
DA:200,0
DA:202,0
DA:205,0
DA:207,0
DA:208,0
DA:210,0
DA:211,0
DA:212,0
DA:215,0
DA:216,0
DA:217,0
DA:218,0
DA:220,0
DA:221,0
DA:222,0
DA:225,0
DA:226,0
DA:227,0
DA:228,0
DA:230,0
DA:232,0
DA:233,0
DA:235,0
DA:242,0
DA:243,0
DA:244,0
DA:245,0
DA:248,0
DA:249,0
DA:251,0
DA:252,0
DA:257,0
DA:258,0
DA:260,0
DA:264,0
DA:265,0
DA:266,0
DA:269,0
DA:270,0
DA:273,0
DA:277,0
DA:278,0
DA:279,0
DA:282,0
DA:283,0
DA:286,0
DA:290,0
DA:291,0
DA:292,0
DA:296,0
DA:297,0
DA:299,0
DA:303,0
DA:304,0
DA:305,0
DA:309,0
LF:142
LH:0
BRDA:43,0,0,0
BRDA:44,1,0,0
BRDA:44,2,0,0
BRDA:44,3,0,0
BRDA:91,4,0,0
BRDA:95,5,0,0
BRDA:95,5,1,0
BRDA:97,6,0,0
BRDA:97,6,1,0
BRDA:105,7,0,0
BRDA:105,7,1,0
BRDA:106,8,0,0
BRDA:106,8,1,0
BRDA:106,8,2,0
BRDA:111,9,0,0
BRDA:111,9,1,0
BRDA:122,10,0,0
BRDA:124,11,0,0
BRDA:124,11,1,0
BRDA:132,12,0,0
BRDA:132,12,1,0
BRDA:137,13,0,0
BRDA:137,13,1,0
BRDA:137,14,0,0
BRDA:137,14,1,0
BRDA:146,15,0,0
BRDA:146,15,1,0
BRDA:151,16,0,0
BRDA:151,16,1,0
BRDA:166,17,0,0
BRDA:166,17,1,0
BRDA:168,18,0,0
BRDA:168,18,1,0
BRDA:173,19,0,0
BRDA:173,19,1,0
BRDA:184,20,0,0
BRDA:186,21,0,0
BRDA:186,21,1,0
BRDA:194,22,0,0
BRDA:194,22,1,0
BRDA:199,23,0,0
BRDA:199,23,1,0
BRDA:199,24,0,0
BRDA:199,24,1,0
BRDA:205,25,0,0
BRDA:205,25,1,0
BRDA:210,26,0,0
BRDA:210,26,1,0
BRDA:225,27,0,0
BRDA:225,27,1,0
BRDA:227,28,0,0
BRDA:227,28,1,0
BRDA:232,29,0,0
BRDA:232,29,1,0
BRDA:243,30,0,0
BRDA:243,30,1,0
BRDA:243,31,0,0
BRDA:243,31,1,0
BRDA:257,32,0,0
BRDA:257,32,1,0
BRDA:265,33,0,0
BRDA:265,33,1,0
BRDA:265,34,0,0
BRDA:265,34,1,0
BRDA:265,34,2,0
BRDA:265,34,3,0
BRDA:278,35,0,0
BRDA:278,35,1,0
BRDA:278,36,0,0
BRDA:278,36,1,0
BRDA:278,36,2,0
BRDA:278,36,3,0
BRDA:291,37,0,0
BRDA:291,37,1,0
BRDA:291,38,0,0
BRDA:291,38,1,0
BRDA:304,39,0,0
BRDA:304,39,1,0
BRDA:304,40,0,0
BRDA:304,40,1,0
BRDA:304,40,2,0
BRF:81
BRH:0
end_of_record
TN:
SF:src/hooks/useSearch.ts
FN:12,(anonymous_0)
FN:34,(anonymous_1)
FN:37,(anonymous_2)
FN:55,(anonymous_3)
FN:74,(anonymous_4)
FN:89,(anonymous_5)
FN:95,(anonymous_6)
FN:111,(anonymous_7)
FN:119,(anonymous_8)
FN:133,(anonymous_9)
FN:136,(anonymous_10)
FN:143,(anonymous_11)
FN:149,(anonymous_12)
FN:170,(anonymous_13)
FN:177,(anonymous_14)
FN:178,(anonymous_15)
FNF:16
FNH:15
FNDA:34,(anonymous_0)
FNDA:12,(anonymous_1)
FNDA:0,(anonymous_2)
FNDA:11,(anonymous_3)
FNDA:7,(anonymous_4)
FNDA:1,(anonymous_5)
FNDA:1,(anonymous_6)
FNDA:12,(anonymous_7)
FNDA:1,(anonymous_8)
FNDA:11,(anonymous_9)
FNDA:11,(anonymous_10)
FNDA:1,(anonymous_11)
FNDA:1,(anonymous_12)
FNDA:12,(anonymous_13)
FNDA:11,(anonymous_14)
FNDA:11,(anonymous_15)
DA:12,2
DA:17,34
DA:19,34
DA:20,34
DA:30,34
DA:31,34
DA:33,34
DA:35,12
DA:36,1
DA:37,0
DA:47,1
DA:51,11
DA:52,11
DA:54,11
DA:55,11
DA:61,11
DA:70,9
DA:71,2
DA:74,7
DA:84,2
DA:85,0
DA:88,2
DA:89,1
DA:95,1
DA:102,2
DA:103,2
DA:110,34
DA:113,12
DA:114,2
DA:118,12
DA:119,1
DA:129,1
DA:133,11
DA:136,11
DA:137,11
DA:143,34
DA:144,1
DA:145,1
DA:149,34
DA:151,1
DA:152,1
DA:156,1
DA:158,1
DA:169,34
DA:171,12
DA:177,34
DA:178,11
DA:179,11
DA:180,10
DA:185,34
LF:50
LH:48
BRDA:12,0,0,27
BRDA:14,1,0,30
BRDA:15,2,0,31
BRDA:16,3,0,31
BRDA:34,4,0,0
BRDA:34,5,0,0
BRDA:35,6,0,1
BRDA:35,6,1,11
BRDA:35,7,0,12
BRDA:35,7,1,11
BRDA:36,8,0,0
BRDA:36,8,1,1
BRDA:70,9,0,2
BRDA:70,9,1,7
BRDA:76,10,0,1
BRDA:76,10,1,6
BRDA:79,11,0,1
BRDA:79,11,1,6
BRDA:84,12,0,0
BRDA:84,12,1,2
BRDA:88,13,0,1
BRDA:88,13,1,1
BRDA:88,14,0,2
BRDA:88,14,1,2
BRDA:102,15,0,2
BRDA:102,15,1,0
BRDA:113,16,0,2
BRDA:113,16,1,10
BRDA:118,17,0,1
BRDA:118,17,1,11
BRDA:144,18,0,1
BRDA:144,18,1,0
BRDA:144,19,0,1
BRDA:144,19,1,1
BRDA:144,19,2,1
BRDA:151,20,0,1
BRDA:151,20,1,0
BRDA:179,21,0,10
BRDA:179,21,1,1
BRDA:192,22,0,34
BRDA:192,22,1,1
BRF:41
BRH:34
end_of_record
TN:
SF:src/hooks/useSpotifyActivity.ts
FNF:0
FNH:0
LF:0
LH:0
BRF:0
BRH:0
end_of_record
TN:
SF:src/hooks/useSpotifyActivity/index.ts
FN:15,(anonymous_0)
FN:49,(anonymous_1)
FN:61,(anonymous_2)
FN:66,(anonymous_3)
FN:92,(anonymous_4)
FN:97,(anonymous_5)
FN:101,(anonymous_6)
FN:106,(anonymous_7)
FN:110,(anonymous_8)
FN:115,(anonymous_9)
FN:120,(anonymous_10)
FN:125,(anonymous_11)
FN:129,(anonymous_12)
FN:134,(anonymous_13)
FN:158,(anonymous_14)
FN:173,(anonymous_15)
FN:196,(anonymous_16)
FN:197,(anonymous_17)
FN:198,(anonymous_18)
FN:199,(anonymous_19)
FN:201,(anonymous_20)
FN:203,(anonymous_21)
FN:209,(anonymous_22)
FN:215,(anonymous_23)
FN:225,(anonymous_24)
FNF:25
FNH:0
FNDA:0,(anonymous_0)
FNDA:0,(anonymous_1)
FNDA:0,(anonymous_2)
FNDA:0,(anonymous_3)
FNDA:0,(anonymous_4)
FNDA:0,(anonymous_5)
FNDA:0,(anonymous_6)
FNDA:0,(anonymous_7)
FNDA:0,(anonymous_8)
FNDA:0,(anonymous_9)
FNDA:0,(anonymous_10)
FNDA:0,(anonymous_11)
FNDA:0,(anonymous_12)
FNDA:0,(anonymous_13)
FNDA:0,(anonymous_14)
FNDA:0,(anonymous_15)
FNDA:0,(anonymous_16)
FNDA:0,(anonymous_17)
FNDA:0,(anonymous_18)
FNDA:0,(anonymous_19)
FNDA:0,(anonymous_20)
FNDA:0,(anonymous_21)
FNDA:0,(anonymous_22)
FNDA:0,(anonymous_23)
FNDA:0,(anonymous_24)
DA:15,0
DA:16,0
DA:17,0
DA:18,0
DA:19,0
DA:20,0
DA:21,0
DA:22,0
DA:23,0
DA:24,0
DA:25,0
DA:27,0
DA:47,0
DA:49,0
DA:55,0
DA:56,0
DA:58,0
DA:59,0
DA:61,0
DA:62,0
DA:66,0
DA:71,0
DA:72,0
DA:74,0
DA:76,0
DA:77,0
DA:78,0
DA:87,0
DA:89,0
DA:92,0
DA:93,0
DA:97,0
DA:101,0
DA:102,0
DA:106,0
DA:110,0
DA:111,0
DA:115,0
DA:120,0
DA:121,0
DA:125,0
DA:129,0
DA:130,0
DA:134,0
DA:139,0
DA:147,0
DA:148,0
DA:150,0
DA:151,0
DA:152,0
DA:153,0
DA:154,0
DA:158,0
DA:159,0
DA:161,0
DA:162,0
DA:163,0
DA:165,0
DA:166,0
DA:169,0
DA:173,0
DA:174,0
DA:175,0
DA:177,0
DA:178,0
DA:179,0
DA:180,0
DA:181,0
DA:182,0
DA:183,0
DA:184,0
DA:187,0
DA:188,0
DA:191,0
DA:196,0
DA:197,0
DA:198,0
DA:199,0
DA:200,0
DA:201,0
DA:203,0
DA:204,0
DA:205,0
DA:209,0
DA:210,0
DA:211,0
DA:212,0
DA:215,0
DA:216,0
DA:217,0
DA:219,0
DA:220,0
DA:225,0
DA:226,0
DA:227,0
DA:228,0
DA:234,0
LF:97
LH:0
BRDA:55,0,0,0
BRDA:55,0,1,0
BRDA:55,1,0,0
BRDA:55,1,1,0
BRDA:69,2,0,0
BRDA:71,3,0,0
BRDA:71,3,1,0
BRDA:72,4,0,0
BRDA:72,4,1,0
BRDA:74,5,0,0
BRDA:74,5,1,0
BRDA:74,6,0,0
BRDA:74,6,1,0
BRDA:78,7,0,0
BRDA:78,7,1,0
BRDA:106,8,0,0
BRDA:106,8,1,0
BRDA:115,9,0,0
BRDA:115,9,1,0
BRDA:147,10,0,0
BRDA:147,10,1,0
BRDA:159,11,0,0
BRDA:159,11,1,0
BRDA:159,12,0,0
BRDA:159,12,1,0
BRDA:165,13,0,0
BRDA:165,13,1,0
BRDA:187,14,0,0
BRDA:187,14,1,0
BRDA:187,15,0,0
BRDA:187,15,1,0
BRDA:204,16,0,0
BRDA:204,16,1,0
BRDA:204,17,0,0
BRDA:204,17,1,0
BRDA:210,18,0,0
BRDA:210,18,1,0
BRDA:210,19,0,0
BRDA:210,19,1,0
BRDA:211,20,0,0
BRDA:211,20,1,0
BRDA:219,21,0,0
BRDA:219,21,1,0
BRDA:226,22,0,0
BRDA:226,22,1,0
BRF:45
BRH:0
end_of_record
TN:
SF:src/hooks/useSpotifyActivity/types.ts
FNF:0
FNH:0
LF:0
LH:0
BRF:0
BRH:0
end_of_record
TN:
SF:src/hooks/useSpotifyActivity/useSpotifyData.ts
FN:5,(anonymous_0)
FN:16,(anonymous_1)
FN:24,(anonymous_2)
FN:28,(anonymous_3)
FN:35,(anonymous_4)
FN:44,(anonymous_5)
FN:51,(anonymous_6)
FN:60,(anonymous_7)
FN:89,(anonymous_8)
FN:96,(anonymous_9)
FN:109,(anonymous_10)
FN:149,(anonymous_11)
FN:162,(anonymous_12)
FN:169,(anonymous_13)
FN:178,(anonymous_14)
FN:207,(anonymous_15)
FN:214,(anonymous_16)
FNF:17
FNH:0
FNDA:0,(anonymous_0)
FNDA:0,(anonymous_1)
FNDA:0,(anonymous_2)
FNDA:0,(anonymous_3)
FNDA:0,(anonymous_4)
FNDA:0,(anonymous_5)
FNDA:0,(anonymous_6)
FNDA:0,(anonymous_7)
FNDA:0,(anonymous_8)
FNDA:0,(anonymous_9)
FNDA:0,(anonymous_10)
FNDA:0,(anonymous_11)
FNDA:0,(anonymous_12)
FNDA:0,(anonymous_13)
FNDA:0,(anonymous_14)
FNDA:0,(anonymous_15)
FNDA:0,(anonymous_16)
DA:5,0
DA:10,0
DA:16,0
DA:17,0
DA:18,0
DA:20,0
DA:24,0
DA:25,0
DA:26,0
DA:28,0
DA:29,0
DA:31,0
DA:35,0
DA:41,0
DA:42,0
DA:44,0
DA:45,0
DA:47,0
DA:51,0
DA:52,0
DA:54,0
DA:55,0
DA:56,0
DA:58,0
DA:60,0
DA:61,0
DA:62,0
DA:63,0
DA:65,0
DA:67,0
DA:69,0
DA:70,0
DA:72,0
DA:76,0
DA:78,0
DA:81,0
DA:82,0
DA:85,0
DA:86,0
DA:89,0
DA:90,0
DA:92,0
DA:96,0
DA:101,0
DA:103,0
DA:104,0
DA:105,0
DA:107,0
DA:109,0
DA:110,0
DA:111,0
DA:112,0
DA:113,0
DA:115,0
DA:117,0
DA:119,0
DA:121,0
DA:122,0
DA:124,0
DA:128,0
DA:129,0
DA:130,0
DA:133,0
DA:136,0
DA:137,0
DA:138,0
DA:144,0
DA:145,0
DA:146,0
DA:149,0
DA:152,0
DA:155,0
DA:156,0
DA:157,0
DA:159,0
DA:162,0
DA:163,0
DA:165,0
DA:169,0
DA:170,0
DA:172,0
DA:173,0
DA:174,0
DA:176,0
DA:178,0
DA:179,0
DA:180,0
DA:181,0
DA:183,0
DA:185,0
DA:187,0
DA:188,0
DA:190,0
DA:194,0
DA:196,0
DA:199,0
DA:200,0
DA:203,0
DA:204,0
DA:207,0
DA:208,0
DA:210,0
DA:214,0
DA:222,0
DA:231,0
DA:241,0
LF:106
LH:0
BRDA:24,0,0,0
BRDA:31,1,0,0
BRDA:31,1,1,0
BRDA:38,2,0,0
BRDA:39,3,0,0
BRDA:47,4,0,0
BRDA:47,4,1,0
BRDA:51,5,0,0
BRDA:58,6,0,0
BRDA:58,6,1,0
BRDA:58,7,0,0
BRDA:58,7,1,0
BRDA:62,8,0,0
BRDA:62,8,1,0
BRDA:67,9,0,0
BRDA:67,9,1,0
BRDA:69,10,0,0
BRDA:69,10,1,0
BRDA:76,11,0,0
BRDA:76,11,1,0
BRDA:85,12,0,0
BRDA:85,12,1,0
BRDA:85,13,0,0
BRDA:85,13,1,0
BRDA:92,14,0,0
BRDA:92,14,1,0
BRDA:99,15,0,0
BRDA:107,16,0,0
BRDA:107,16,1,0
BRDA:107,17,0,0
BRDA:107,17,1,0
BRDA:111,18,0,0
BRDA:111,18,1,0
BRDA:112,19,0,0
BRDA:112,19,1,0
BRDA:119,20,0,0
BRDA:119,20,1,0
BRDA:121,21,0,0
BRDA:121,21,1,0
BRDA:128,22,0,0
BRDA:128,22,1,0
BRDA:129,23,0,0
BRDA:129,23,1,0
BRDA:136,24,0,0
BRDA:136,24,1,0
BRDA:137,25,0,0
BRDA:137,25,1,0
BRDA:145,26,0,0
BRDA:145,26,1,0
BRDA:155,27,0,0
BRDA:155,27,1,0
BRDA:155,28,0,0
BRDA:155,28,1,0
BRDA:156,29,0,0
BRDA:156,29,1,0
BRDA:165,30,0,0
BRDA:165,30,1,0
BRDA:169,31,0,0
BRDA:176,32,0,0
BRDA:176,32,1,0
BRDA:176,33,0,0
BRDA:176,33,1,0
BRDA:180,34,0,0
BRDA:180,34,1,0
BRDA:185,35,0,0
BRDA:185,35,1,0
BRDA:187,36,0,0
BRDA:187,36,1,0
BRDA:194,37,0,0
BRDA:194,37,1,0
BRDA:203,38,0,0
BRDA:203,38,1,0
BRDA:203,39,0,0
BRDA:203,39,1,0
BRDA:210,40,0,0
BRDA:210,40,1,0
BRF:76
BRH:0
end_of_record
TN:
SF:src/hooks/useSpotifyActivity/useSpotifyPagination.ts
FN:13,(anonymous_0)
FN:35,(anonymous_1)
FN:53,(anonymous_2)
FN:54,(anonymous_3)
FN:61,(anonymous_4)
FN:63,(anonymous_5)
FN:67,(anonymous_6)
FN:88,(anonymous_7)
FN:103,(anonymous_8)
FN:104,(anonymous_9)
FN:111,(anonymous_10)
FN:113,(anonymous_11)
FN:117,(anonymous_12)
FN:138,(anonymous_13)
FN:153,(anonymous_14)
FN:154,(anonymous_15)
FN:161,(anonymous_16)
FN:163,(anonymous_17)
FN:167,(anonymous_18)
FN:188,(anonymous_19)
FN:203,(anonymous_20)
FN:204,(anonymous_21)
FN:211,(anonymous_22)
FN:213,(anonymous_23)
FN:217,(anonymous_24)
FN:238,(anonymous_25)
FN:253,(anonymous_26)
FN:254,(anonymous_27)
FN:261,(anonymous_28)
FN:263,(anonymous_29)
FN:267,(anonymous_30)
FN:288,(anonymous_31)
FN:301,(anonymous_32)
FNF:33
FNH:0
FNDA:0,(anonymous_0)
FNDA:0,(anonymous_1)
FNDA:0,(anonymous_2)
FNDA:0,(anonymous_3)
FNDA:0,(anonymous_4)
FNDA:0,(anonymous_5)
FNDA:0,(anonymous_6)
FNDA:0,(anonymous_7)
FNDA:0,(anonymous_8)
FNDA:0,(anonymous_9)
FNDA:0,(anonymous_10)
FNDA:0,(anonymous_11)
FNDA:0,(anonymous_12)
FNDA:0,(anonymous_13)
FNDA:0,(anonymous_14)
FNDA:0,(anonymous_15)
FNDA:0,(anonymous_16)
FNDA:0,(anonymous_17)
FNDA:0,(anonymous_18)
FNDA:0,(anonymous_19)
FNDA:0,(anonymous_20)
FNDA:0,(anonymous_21)
FNDA:0,(anonymous_22)
FNDA:0,(anonymous_23)
FNDA:0,(anonymous_24)
FNDA:0,(anonymous_25)
FNDA:0,(anonymous_26)
FNDA:0,(anonymous_27)
FNDA:0,(anonymous_28)
FNDA:0,(anonymous_29)
FNDA:0,(anonymous_30)
FNDA:0,(anonymous_31)
FNDA:0,(anonymous_32)
DA:13,0
DA:18,0
DA:19,0
DA:20,0
DA:21,0
DA:22,0
DA:23,0
DA:24,0
DA:25,0
DA:26,0
DA:27,0
DA:29,0
DA:35,0
DA:39,0
DA:41,0
DA:42,0
DA:43,0
DA:44,0
DA:47,0
DA:51,0
DA:54,0
DA:55,0
DA:57,0
DA:60,0
DA:61,0
DA:62,0
DA:63,0
DA:66,0
DA:67,0
DA:69,0
DA:72,0
DA:73,0
DA:76,0
DA:79,0
DA:80,0
DA:82,0
DA:84,0
DA:88,0
DA:92,0
DA:94,0
DA:95,0
DA:96,0
DA:97,0
DA:99,0
DA:101,0
DA:104,0
DA:105,0
DA:107,0
DA:110,0
DA:111,0
DA:112,0
DA:113,0
DA:116,0
DA:117,0
DA:119,0
DA:122,0
DA:123,0
DA:126,0
DA:129,0
DA:130,0
DA:132,0
DA:134,0
DA:138,0
DA:142,0
DA:144,0
DA:145,0
DA:146,0
DA:147,0
DA:149,0
DA:151,0
DA:154,0
DA:155,0
DA:157,0
DA:160,0
DA:161,0
DA:162,0
DA:163,0
DA:166,0
DA:167,0
DA:169,0
DA:172,0
DA:173,0
DA:176,0
DA:179,0
DA:180,0
DA:182,0
DA:184,0
DA:188,0
DA:192,0
DA:194,0
DA:195,0
DA:196,0
DA:197,0
DA:199,0
DA:201,0
DA:204,0
DA:205,0
DA:207,0
DA:210,0
DA:211,0
DA:212,0
DA:213,0
DA:216,0
DA:217,0
DA:219,0
DA:222,0
DA:223,0
DA:226,0
DA:229,0
DA:230,0
DA:232,0
DA:234,0
DA:238,0
DA:242,0
DA:244,0
DA:245,0
DA:246,0
DA:247,0
DA:249,0
DA:251,0
DA:254,0
DA:255,0
DA:257,0
DA:260,0
DA:261,0
DA:262,0
DA:263,0
DA:266,0
DA:267,0
DA:269,0
DA:272,0
DA:273,0
DA:276,0
DA:279,0
DA:280,0
DA:282,0
DA:284,0
DA:288,0
DA:289,0
DA:290,0
DA:291,0
DA:292,0
DA:293,0
DA:294,0
DA:295,0
DA:296,0
DA:297,0
DA:298,0
DA:301,0
DA:308,0
DA:309,0
DA:311,0
DA:314,0
DA:315,0
DA:317,0
DA:320,0
DA:321,0
DA:323,0
DA:326,0
DA:327,0
DA:328,0
DA:330,0
DA:334,0
DA:335,0
DA:336,0
DA:338,0
DA:343,0
LF:167
LH:0
BRDA:39,0,0,0
BRDA:39,0,1,0
BRDA:39,1,0,0
BRDA:39,1,1,0
BRDA:39,1,2,0
BRDA:39,1,3,0
BRDA:44,2,0,0
BRDA:44,2,1,0
BRDA:47,3,0,0
BRDA:47,3,1,0
BRDA:57,4,0,0
BRDA:57,4,1,0
BRDA:60,5,0,0
BRDA:60,5,1,0
BRDA:66,6,0,0
BRDA:66,6,1,0
BRDA:72,7,0,0
BRDA:72,7,1,0
BRDA:79,8,0,0
BRDA:79,8,1,0
BRDA:92,9,0,0
BRDA:92,9,1,0
BRDA:92,10,0,0
BRDA:92,10,1,0
BRDA:92,10,2,0
BRDA:92,10,3,0
BRDA:97,11,0,0
BRDA:97,11,1,0
BRDA:107,12,0,0
BRDA:107,12,1,0
BRDA:110,13,0,0
BRDA:110,13,1,0
BRDA:116,14,0,0
BRDA:116,14,1,0
BRDA:122,15,0,0
BRDA:122,15,1,0
BRDA:122,16,0,0
BRDA:122,16,1,0
BRDA:129,17,0,0
BRDA:129,17,1,0
BRDA:142,18,0,0
BRDA:142,18,1,0
BRDA:142,19,0,0
BRDA:142,19,1,0
BRDA:142,19,2,0
BRDA:142,19,3,0
BRDA:147,20,0,0
BRDA:147,20,1,0
BRDA:157,21,0,0
BRDA:157,21,1,0
BRDA:160,22,0,0
BRDA:160,22,1,0
BRDA:166,23,0,0
BRDA:166,23,1,0
BRDA:172,24,0,0
BRDA:172,24,1,0
BRDA:179,25,0,0
BRDA:179,25,1,0
BRDA:192,26,0,0
BRDA:192,26,1,0
BRDA:192,27,0,0
BRDA:192,27,1,0
BRDA:192,27,2,0
BRDA:192,27,3,0
BRDA:197,28,0,0
BRDA:197,28,1,0
BRDA:207,29,0,0
BRDA:207,29,1,0
BRDA:210,30,0,0
BRDA:210,30,1,0
BRDA:216,31,0,0
BRDA:216,31,1,0
BRDA:222,32,0,0
BRDA:222,32,1,0
BRDA:229,33,0,0
BRDA:229,33,1,0
BRDA:242,34,0,0
BRDA:242,34,1,0
BRDA:242,35,0,0
BRDA:242,35,1,0
BRDA:242,35,2,0
BRDA:242,35,3,0
BRDA:247,36,0,0
BRDA:247,36,1,0
BRDA:257,37,0,0
BRDA:257,37,1,0
BRDA:260,38,0,0
BRDA:260,38,1,0
BRDA:266,39,0,0
BRDA:266,39,1,0
BRDA:272,40,0,0
BRDA:272,40,1,0
BRDA:279,41,0,0
BRDA:279,41,1,0
BRDA:308,42,0,0
BRDA:308,42,1,0
BRDA:314,43,0,0
BRDA:314,43,1,0
BRDA:320,44,0,0
BRDA:320,44,1,0
BRDA:326,45,0,0
BRDA:326,45,1,0
BRDA:327,46,0,0
BRDA:327,46,1,0
BRDA:334,47,0,0
BRDA:334,47,1,0
BRDA:335,48,0,0
BRDA:335,48,1,0
BRF:108
BRH:0
end_of_record
TN:
SF:src/hooks/useSpotifyActivity/useSpotifyTokenManagement.ts
FN:5,(anonymous_0)
FN:10,(anonymous_1)
FN:33,(anonymous_2)
FNF:3
FNH:0
FNDA:0,(anonymous_0)
FNDA:0,(anonymous_1)
FNDA:0,(anonymous_2)
DA:5,0
DA:10,0
DA:14,0
DA:15,0
DA:17,0
DA:19,0
DA:20,0
DA:22,0
DA:23,0
DA:24,0
DA:25,0
DA:26,0
DA:30,0
DA:33,0
DA:38,0
DA:39,0
DA:40,0
DA:41,0
DA:44,0
DA:47,0
LF:20
LH:0
BRDA:14,0,0,0
BRDA:14,0,1,0
BRDA:15,1,0,0
BRDA:15,1,1,0
BRDA:17,2,0,0
BRDA:17,2,1,0
BRDA:17,3,0,0
BRDA:17,3,1,0
BRDA:19,4,0,0
BRDA:19,4,1,0
BRDA:22,5,0,0
BRDA:22,5,1,0
BRDA:24,6,0,0
BRDA:24,6,1,0
BRDA:25,7,0,0
BRDA:25,7,1,0
BRDA:38,8,0,0
BRDA:38,8,1,0
BRDA:38,9,0,0
BRDA:38,9,1,0
BRDA:40,10,0,0
BRDA:40,10,1,0
BRDA:41,11,0,0
BRDA:41,11,1,0
BRF:24
BRH:0
end_of_record
TN:
SF:src/services/authService.ts
FN:8,(anonymous_0)
FN:34,(anonymous_1)
FN:47,(anonymous_2)
FN:77,(anonymous_3)
FN:102,(anonymous_4)
FN:115,(anonymous_5)
FN:134,(anonymous_6)
FN:144,(anonymous_7)
FN:158,(anonymous_8)
FN:169,(anonymous_9)
FNF:10
FNH:0
FNDA:0,(anonymous_0)
FNDA:0,(anonymous_1)
FNDA:0,(anonymous_2)
FNDA:0,(anonymous_3)
FNDA:0,(anonymous_4)
FNDA:0,(anonymous_5)
FNDA:0,(anonymous_6)
FNDA:0,(anonymous_7)
FNDA:0,(anonymous_8)
FNDA:0,(anonymous_9)
DA:5,3
DA:6,3
DA:9,0
DA:10,0
DA:11,0
DA:22,0
DA:23,0
DA:24,0
DA:27,0
DA:28,0
DA:30,0
DA:35,0
DA:36,0
DA:38,0
DA:39,0
DA:41,0
DA:42,0
DA:46,0
DA:47,0
DA:48,0
DA:51,0
DA:52,0
DA:61,0
DA:62,0
DA:65,0
DA:67,0
DA:68,0
DA:72,0
DA:73,0
DA:74,0
DA:75,0
DA:77,0
DA:78,0
DA:81,0
DA:84,0
DA:85,0
DA:86,0
DA:88,0
DA:91,0
DA:95,0
DA:96,0
DA:97,0
DA:98,0
DA:100,0
DA:101,0
DA:102,0
DA:103,0
DA:108,0
DA:109,0
DA:111,0
DA:117,0
DA:120,0
DA:123,0
DA:124,0
DA:125,0
DA:128,0
DA:129,0
DA:131,0
DA:135,0
DA:136,0
DA:138,0
DA:139,0
DA:145,0
DA:146,0
DA:147,0
DA:148,0
DA:151,0
DA:152,0
DA:155,0
DA:159,0
DA:160,0
DA:161,0
DA:163,0
DA:164,0
DA:170,0
DA:171,0
DA:173,0
DA:174,0
DA:175,0
DA:176,0
DA:177,0
DA:181,3
LF:82
LH:3
BRDA:10,0,0,0
BRDA:10,0,1,0
BRDA:22,1,0,0
BRDA:22,1,1,0
BRDA:34,2,0,0
BRDA:39,3,0,0
BRDA:39,3,1,0
BRDA:41,4,0,0
BRDA:41,4,1,0
BRDA:61,5,0,0
BRDA:61,5,1,0
BRDA:67,6,0,0
BRDA:67,6,1,0
BRDA:72,7,0,0
BRDA:72,7,1,0
BRDA:72,8,0,0
BRDA:72,8,1,0
BRDA:74,9,0,0
BRDA:74,9,1,0
BRDA:85,10,0,0
BRDA:85,10,1,0
BRDA:95,11,0,0
BRDA:95,11,1,0
BRDA:96,12,0,0
BRDA:96,12,1,0
BRDA:96,13,0,0
BRDA:96,13,1,0
BRDA:96,13,2,0
BRDA:97,14,0,0
BRDA:97,14,1,0
BRDA:100,15,0,0
BRDA:100,15,1,0
BRDA:108,16,0,0
BRDA:108,16,1,0
BRDA:117,17,0,0
BRDA:117,17,1,0
BRDA:120,18,0,0
BRDA:120,18,1,0
BRDA:120,19,0,0
BRDA:120,19,1,0
BRDA:123,20,0,0
BRDA:123,20,1,0
BRDA:124,21,0,0
BRDA:124,21,1,0
BRDA:125,22,0,0
BRDA:125,22,1,0
BRDA:128,23,0,0
BRDA:128,23,1,0
BRDA:129,24,0,0
BRDA:129,24,1,0
BRDA:138,25,0,0
BRDA:138,25,1,0
BRDA:147,26,0,0
BRDA:147,26,1,0
BRDA:151,27,0,0
BRDA:151,27,1,0
BRDA:163,28,0,0
BRDA:163,28,1,0
BRDA:170,29,0,0
BRDA:170,29,1,0
BRF:60
BRH:0
end_of_record
TN:
SF:src/services/playlistService.ts
FN:32,(anonymous_0)
FN:36,(anonymous_1)
FN:58,(anonymous_2)
FN:85,(anonymous_3)
FN:102,(anonymous_4)
FN:136,(anonymous_5)
FN:178,(anonymous_6)
FN:220,(anonymous_7)
FN:227,(anonymous_8)
FN:233,(anonymous_9)
FN:239,(anonymous_10)
FN:252,(anonymous_11)
FN:264,(anonymous_12)
FN:275,(anonymous_13)
FN:301,(anonymous_14)
FN:325,(anonymous_15)
FN:351,(anonymous_16)
FN:378,(anonymous_17)
FN:401,(anonymous_18)
FN:404,(anonymous_19)
FN:422,(anonymous_20)
FN:434,(anonymous_21)
FN:438,(anonymous_22)
FN:457,(anonymous_23)
FN:478,(anonymous_24)
FN:490,(anonymous_25)
FN:495,(anonymous_26)
FN:515,(anonymous_27)
FN:536,(anonymous_28)
FN:550,(anonymous_29)
FN:568,(anonymous_30)
FN:582,(anonymous_31)
FN:600,(anonymous_32)
FN:633,(anonymous_33)
FN:634,(anonymous_34)
FN:647,(anonymous_35)
FNF:36
FNH:0
FNDA:0,(anonymous_0)
FNDA:0,(anonymous_1)
FNDA:0,(anonymous_2)
FNDA:0,(anonymous_3)
FNDA:0,(anonymous_4)
FNDA:0,(anonymous_5)
FNDA:0,(anonymous_6)
FNDA:0,(anonymous_7)
FNDA:0,(anonymous_8)
FNDA:0,(anonymous_9)
FNDA:0,(anonymous_10)
FNDA:0,(anonymous_11)
FNDA:0,(anonymous_12)
FNDA:0,(anonymous_13)
FNDA:0,(anonymous_14)
FNDA:0,(anonymous_15)
FNDA:0,(anonymous_16)
FNDA:0,(anonymous_17)
FNDA:0,(anonymous_18)
FNDA:0,(anonymous_19)
FNDA:0,(anonymous_20)
FNDA:0,(anonymous_21)
FNDA:0,(anonymous_22)
FNDA:0,(anonymous_23)
FNDA:0,(anonymous_24)
FNDA:0,(anonymous_25)
FNDA:0,(anonymous_26)
FNDA:0,(anonymous_27)
FNDA:0,(anonymous_28)
FNDA:0,(anonymous_29)
FNDA:0,(anonymous_30)
FNDA:0,(anonymous_31)
FNDA:0,(anonymous_32)
FNDA:0,(anonymous_33)
FNDA:0,(anonymous_34)
FNDA:0,(anonymous_35)
DA:33,0
DA:37,0
DA:45,0
DA:46,0
DA:47,0
DA:50,0
DA:51,0
DA:54,0
DA:63,0
DA:65,0
DA:68,0
DA:69,0
DA:71,0
DA:77,0
DA:78,0
DA:80,0
DA:86,0
DA:87,0
DA:88,0
DA:89,0
DA:90,0
DA:92,0
DA:94,0
DA:98,0
DA:99,0
DA:101,0
DA:102,0
DA:111,0
DA:114,0
DA:115,0
DA:120,0
DA:121,0
DA:126,0
DA:128,0
DA:129,0
DA:131,0
DA:137,0
DA:138,0
DA:139,0
DA:140,0
DA:141,0
DA:143,0
DA:145,0
DA:149,0
DA:150,0
DA:152,0
DA:153,0
DA:156,0
DA:157,0
DA:162,0
DA:163,0
DA:168,0
DA:170,0
DA:171,0
DA:173,0
DA:179,0
DA:180,0
DA:181,0
DA:182,0
DA:183,0
DA:185,0
DA:187,0
DA:191,0
DA:192,0
DA:194,0
DA:195,0
DA:198,0
DA:199,0
DA:204,0
DA:205,0
DA:210,0
DA:212,0
DA:213,0
DA:215,0
DA:221,0
DA:222,0
DA:223,0
DA:226,0
DA:228,0
DA:229,0
DA:231,0
DA:234,0
DA:235,0
DA:237,0
DA:240,0
DA:241,0
DA:243,0
DA:248,0
DA:249,0
DA:252,0
DA:253,0
DA:254,0
DA:255,0
DA:256,0
DA:261,0
DA:264,0
DA:265,0
DA:275,0
DA:276,0
DA:285,0
DA:286,0
DA:291,0
DA:293,0
DA:294,0
DA:296,0
DA:302,0
DA:303,0
DA:304,0
DA:307,0
DA:308,0
DA:312,0
DA:314,0
DA:315,0
DA:316,0
DA:322,0
DA:325,0
DA:333,0
DA:334,0
DA:339,0
DA:343,0
DA:344,0
DA:350,0
DA:351,0
DA:355,0
DA:357,0
DA:358,0
DA:361,0
DA:362,0
DA:369,0
DA:371,0
DA:372,0
DA:378,0
DA:379,0
DA:380,0
DA:382,0
DA:383,0
DA:388,0
DA:391,0
DA:392,0
DA:395,0
DA:400,0
DA:401,0
DA:402,0
DA:404,0
DA:405,0
DA:412,0
DA:414,0
DA:415,0
DA:417,0
DA:427,0
DA:428,0
DA:429,0
DA:433,0
DA:434,0
DA:438,0
DA:440,0
DA:441,0
DA:444,0
DA:445,0
DA:449,0
DA:451,0
DA:452,0
DA:457,0
DA:458,0
DA:459,0
DA:462,0
DA:463,0
DA:468,0
DA:470,0
DA:471,0
DA:473,0
DA:483,0
DA:484,0
DA:485,0
DA:489,0
DA:490,0
DA:494,0
DA:495,0
DA:498,0
DA:499,0
DA:502,0
DA:503,0
DA:507,0
DA:509,0
DA:510,0
DA:515,0
DA:516,0
DA:517,0
DA:520,0
DA:521,0
DA:526,0
DA:528,0
DA:529,0
DA:531,0
DA:541,0
DA:542,0
DA:544,0
DA:545,0
DA:550,0
DA:558,0
DA:560,0
DA:561,0
DA:563,0
DA:573,0
DA:574,0
DA:576,0
DA:577,0
DA:582,0
DA:590,0
DA:592,0
DA:593,0
DA:595,0
DA:606,0
DA:607,0
DA:608,0
DA:611,0
DA:614,0
DA:615,0
DA:616,0
DA:620,0
DA:621,0
DA:622,0
DA:626,0
DA:627,0
DA:628,0
DA:632,0
DA:634,0
DA:637,0
DA:639,0
DA:640,0
DA:642,0
DA:651,0
DA:658,0
DA:665,0
DA:672,0
DA:673,0
DA:675,0
DA:680,0
LF:238
LH:0
BRDA:33,0,0,0
BRDA:33,0,1,0
BRDA:36,1,0,0
BRDA:45,2,0,0
BRDA:45,2,1,0
BRDA:50,3,0,0
BRDA:50,3,1,0
BRDA:60,4,0,0
BRDA:61,5,0,0
BRDA:77,6,0,0
BRDA:77,6,1,0
BRDA:94,7,0,0
BRDA:94,7,1,0
BRDA:98,8,0,0
BRDA:98,8,1,0
BRDA:98,9,0,0
BRDA:98,9,1,0
BRDA:114,10,0,0
BRDA:114,10,1,0
BRDA:120,11,0,0
BRDA:120,11,1,0
BRDA:128,12,0,0
BRDA:128,12,1,0
BRDA:145,13,0,0
BRDA:145,13,1,0
BRDA:149,14,0,0
BRDA:149,14,1,0
BRDA:149,15,0,0
BRDA:149,15,1,0
BRDA:156,16,0,0
BRDA:156,16,1,0
BRDA:162,17,0,0
BRDA:162,17,1,0
BRDA:170,18,0,0
BRDA:170,18,1,0
BRDA:187,19,0,0
BRDA:187,19,1,0
BRDA:191,20,0,0
BRDA:191,20,1,0
BRDA:191,21,0,0
BRDA:191,21,1,0
BRDA:198,22,0,0
BRDA:198,22,1,0
BRDA:204,23,0,0
BRDA:204,23,1,0
BRDA:212,24,0,0
BRDA:212,24,1,0
BRDA:222,25,0,0
BRDA:222,25,1,0
BRDA:228,26,0,0
BRDA:228,26,1,0
BRDA:234,27,0,0
BRDA:234,27,1,0
BRDA:240,28,0,0
BRDA:240,28,1,0
BRDA:254,29,0,0
BRDA:254,29,1,0
BRDA:285,30,0,0
BRDA:285,30,1,0
BRDA:293,31,0,0
BRDA:293,31,1,0
BRDA:303,32,0,0
BRDA:303,32,1,0
BRDA:307,33,0,0
BRDA:307,33,1,0
BRDA:314,34,0,0
BRDA:314,34,1,0
BRDA:315,35,0,0
BRDA:315,35,1,0
BRDA:333,36,0,0
BRDA:333,36,1,0
BRDA:343,37,0,0
BRDA:343,37,1,0
BRDA:357,38,0,0
BRDA:357,38,1,0
BRDA:361,39,0,0
BRDA:361,39,1,0
BRDA:371,40,0,0
BRDA:371,40,1,0
BRDA:382,41,0,0
BRDA:382,41,1,0
BRDA:382,42,0,0
BRDA:382,42,1,0
BRDA:391,43,0,0
BRDA:391,43,1,0
BRDA:400,44,0,0
BRDA:400,44,1,0
BRDA:414,45,0,0
BRDA:414,45,1,0
BRDA:428,46,0,0
BRDA:428,46,1,0
BRDA:440,47,0,0
BRDA:440,47,1,0
BRDA:444,48,0,0
BRDA:444,48,1,0
BRDA:451,49,0,0
BRDA:451,49,1,0
BRDA:462,50,0,0
BRDA:462,50,1,0
BRDA:470,51,0,0
BRDA:470,51,1,0
BRDA:484,52,0,0
BRDA:484,52,1,0
BRDA:498,53,0,0
BRDA:498,53,1,0
BRDA:502,54,0,0
BRDA:502,54,1,0
BRDA:509,55,0,0
BRDA:509,55,1,0
BRDA:520,56,0,0
BRDA:520,56,1,0
BRDA:528,57,0,0
BRDA:528,57,1,0
BRDA:544,58,0,0
BRDA:544,58,1,0
BRDA:560,59,0,0
BRDA:560,59,1,0
BRDA:576,60,0,0
BRDA:576,60,1,0
BRDA:592,61,0,0
BRDA:592,61,1,0
BRDA:607,62,0,0
BRDA:607,62,1,0
BRDA:607,63,0,0
BRDA:607,63,1,0
BRDA:614,64,0,0
BRDA:614,64,1,0
BRDA:620,65,0,0
BRDA:620,65,1,0
BRDA:626,66,0,0
BRDA:626,66,1,0
BRDA:634,67,0,0
BRDA:634,67,1,0
BRDA:639,68,0,0
BRDA:639,68,1,0
BRDA:672,69,0,0
BRDA:672,69,1,0
BRF:137
BRH:0
end_of_record
TN:
SF:src/services/spotifyApi.ts
FN:20,(anonymous_0)
FN:26,(anonymous_1)
FN:125,(anonymous_2)
FN:162,(anonymous_3)
FN:175,(anonymous_4)
FN:199,(anonymous_5)
FN:214,(anonymous_6)
FN:238,(anonymous_7)
FN:255,(anonymous_8)
FN:279,(anonymous_9)
FN:297,(anonymous_10)
FN:321,(anonymous_11)
FN:333,(anonymous_12)
FN:362,(anonymous_13)
FN:376,(anonymous_14)
FN:400,(anonymous_15)
FN:418,(anonymous_16)
FN:429,(anonymous_17)
FN:458,(anonymous_18)
FN:479,(anonymous_19)
FN:490,(anonymous_20)
FN:514,(anonymous_21)
FN:526,(anonymous_22)
FN:555,(anonymous_23)
FN:569,(anonymous_24)
FN:594,(anonymous_25)
FN:624,(anonymous_26)
FN:626,(anonymous_27)
FN:662,(anonymous_28)
FN:697,(anonymous_29)
FN:714,(anonymous_30)
FN:731,(anonymous_31)
FN:748,(anonymous_32)
FNF:33
FNH:0
FNDA:0,(anonymous_0)
FNDA:0,(anonymous_1)
FNDA:0,(anonymous_2)
FNDA:0,(anonymous_3)
FNDA:0,(anonymous_4)
FNDA:0,(anonymous_5)
FNDA:0,(anonymous_6)
FNDA:0,(anonymous_7)
FNDA:0,(anonymous_8)
FNDA:0,(anonymous_9)
FNDA:0,(anonymous_10)
FNDA:0,(anonymous_11)
FNDA:0,(anonymous_12)
FNDA:0,(anonymous_13)
FNDA:0,(anonymous_14)
FNDA:0,(anonymous_15)
FNDA:0,(anonymous_16)
FNDA:0,(anonymous_17)
FNDA:0,(anonymous_18)
FNDA:0,(anonymous_19)
FNDA:0,(anonymous_20)
FNDA:0,(anonymous_21)
FNDA:0,(anonymous_22)
FNDA:0,(anonymous_23)
FNDA:0,(anonymous_24)
FNDA:0,(anonymous_25)
FNDA:0,(anonymous_26)
FNDA:0,(anonymous_27)
FNDA:0,(anonymous_28)
FNDA:0,(anonymous_29)
FNDA:0,(anonymous_30)
FNDA:0,(anonymous_31)
FNDA:0,(anonymous_32)
DA:23,0
DA:27,0
DA:28,0
DA:29,0
DA:32,0
DA:38,0
DA:40,0
DA:53,0
DA:55,0
DA:58,0
DA:59,0
DA:60,0
DA:61,0
DA:62,0
DA:63,0
DA:65,0
DA:66,0
DA:67,0
DA:69,0
DA:72,0
DA:73,0
DA:78,0
DA:79,0
DA:80,0
DA:81,0
DA:82,0
DA:83,0
DA:84,0
DA:86,0
DA:87,0
DA:88,0
DA:90,0
DA:93,0
DA:94,0
DA:98,0
DA:99,0
DA:102,0
DA:103,0
DA:104,0
DA:105,0
DA:107,0
DA:109,0
DA:110,0
DA:112,0
DA:115,0
DA:116,0
DA:118,0
DA:119,0
DA:121,0
DA:126,0
DA:127,0
DA:133,0
DA:134,0
DA:135,0
DA:136,0
DA:144,0
DA:145,0
DA:146,0
DA:147,0
DA:150,0
DA:152,0
DA:153,0
DA:155,0
DA:156,0
DA:158,0
DA:163,0
DA:164,0
DA:173,0
DA:174,0
DA:175,0
DA:183,0
DA:184,0
DA:187,0
DA:189,0
DA:190,0
DA:192,0
DA:193,0
DA:195,0
DA:200,0
DA:202,0
DA:206,0
DA:212,0
DA:213,0
DA:214,0
DA:222,0
DA:223,0
DA:226,0
DA:228,0
DA:229,0
DA:231,0
DA:232,0
DA:234,0
DA:243,0
DA:244,0
DA:253,0
DA:254,0
DA:255,0
DA:263,0
DA:264,0
DA:267,0
DA:269,0
DA:270,0
DA:272,0
DA:273,0
DA:275,0
DA:284,0
DA:286,0
DA:295,0
DA:296,0
DA:297,0
DA:305,0
DA:306,0
DA:309,0
DA:311,0
DA:312,0
DA:314,0
DA:315,0
DA:317,0
DA:322,0
DA:323,0
DA:330,0
DA:331,0
DA:333,0
DA:341,0
DA:342,0
DA:343,0
DA:344,0
DA:347,0
DA:349,0
DA:353,0
DA:355,0
DA:356,0
DA:358,0
DA:363,0
DA:365,0
DA:374,0
DA:375,0
DA:376,0
DA:384,0
DA:385,0
DA:388,0
DA:390,0
DA:391,0
DA:393,0
DA:394,0
DA:396,0
DA:401,0
DA:402,0
DA:409,0
DA:410,0
DA:412,0
DA:413,0
DA:418,0
DA:429,0
DA:437,0
DA:438,0
DA:439,0
DA:440,0
DA:443,0
DA:445,0
DA:449,0
DA:451,0
DA:452,0
DA:454,0
DA:459,0
DA:461,0
DA:470,0
DA:471,0
DA:473,0
DA:474,0
DA:479,0
DA:490,0
DA:498,0
DA:499,0
DA:502,0
DA:504,0
DA:505,0
DA:507,0
DA:508,0
DA:510,0
DA:515,0
DA:516,0
DA:523,0
DA:524,0
DA:526,0
DA:534,0
DA:535,0
DA:536,0
DA:537,0
DA:540,0
DA:542,0
DA:546,0
DA:548,0
DA:549,0
DA:551,0
DA:556,0
DA:558,0
DA:567,0
DA:568,0
DA:569,0
DA:577,0
DA:578,0
DA:581,0
DA:583,0
DA:584,0
DA:586,0
DA:587,0
DA:589,0
DA:595,0
DA:596,0
DA:597,0
DA:601,0
DA:602,0
DA:603,0
DA:606,0
DA:608,0
DA:609,0
DA:610,0
DA:620,0
DA:621,0
DA:624,0
DA:626,0
DA:635,0
DA:636,0
DA:637,0
DA:639,0
DA:640,0
DA:645,0
DA:646,0
DA:649,0
DA:651,0
DA:652,0
DA:654,0
DA:655,0
DA:657,0
DA:669,0
DA:670,0
DA:671,0
DA:674,0
DA:675,0
DA:676,0
DA:678,0
DA:679,0
DA:682,0
DA:689,0
DA:690,0
DA:691,0
DA:692,0
DA:693,0
DA:696,0
DA:697,0
DA:707,0
DA:708,0
DA:709,0
DA:713,0
DA:714,0
DA:724,0
DA:725,0
DA:726,0
DA:730,0
DA:731,0
DA:741,0
DA:742,0
DA:743,0
DA:747,0
DA:748,0
DA:758,0
DA:759,0
DA:760,0
DA:763,0
DA:764,0
DA:767,0
DA:768,0
DA:769,0
DA:771,0
DA:772,0
DA:774,0
DA:777,0
DA:778,0
DA:780,0
DA:781,0
DA:783,0
DA:788,2
LF:283
LH:1
BRDA:23,0,0,0
BRDA:23,0,1,0
BRDA:23,1,0,0
BRDA:23,1,1,0
BRDA:28,2,0,0
BRDA:28,2,1,0
BRDA:38,3,0,0
BRDA:38,3,1,0
BRDA:58,4,0,0
BRDA:58,4,1,0
BRDA:59,5,0,0
BRDA:59,5,1,0
BRDA:61,6,0,0
BRDA:61,6,1,0
BRDA:62,7,0,0
BRDA:62,7,1,0
BRDA:65,8,0,0
BRDA:65,8,1,0
BRDA:66,9,0,0
BRDA:66,9,1,0
BRDA:72,10,0,0
BRDA:72,10,1,0
BRDA:78,11,0,0
BRDA:78,11,1,0
BRDA:79,12,0,0
BRDA:79,12,1,0
BRDA:82,13,0,0
BRDA:82,13,1,0
BRDA:83,14,0,0
BRDA:83,14,1,0
BRDA:86,15,0,0
BRDA:86,15,1,0
BRDA:87,16,0,0
BRDA:87,16,1,0
BRDA:93,17,0,0
BRDA:93,17,1,0
BRDA:98,18,0,0
BRDA:98,18,1,0
BRDA:103,19,0,0
BRDA:103,19,1,0
BRDA:104,20,0,0
BRDA:104,20,1,0
BRDA:109,21,0,0
BRDA:109,21,1,0
BRDA:115,22,0,0
BRDA:115,22,1,0
BRDA:115,23,0,0
BRDA:115,23,1,0
BRDA:118,24,0,0
BRDA:118,24,1,0
BRDA:133,25,0,0
BRDA:133,25,1,0
BRDA:135,26,0,0
BRDA:135,26,1,0
BRDA:135,27,0,0
BRDA:135,27,1,0
BRDA:135,27,2,0
BRDA:138,28,0,0
BRDA:138,28,1,0
BRDA:144,29,0,0
BRDA:144,29,1,0
BRDA:146,30,0,0
BRDA:146,30,1,0
BRDA:152,31,0,0
BRDA:152,31,1,0
BRDA:152,32,0,0
BRDA:152,32,1,0
BRDA:155,33,0,0
BRDA:155,33,1,0
BRDA:162,34,0,0
BRDA:173,35,0,0
BRDA:173,35,1,0
BRDA:177,36,0,0
BRDA:177,36,1,0
BRDA:183,37,0,0
BRDA:183,37,1,0
BRDA:189,38,0,0
BRDA:189,38,1,0
BRDA:189,39,0,0
BRDA:189,39,1,0
BRDA:192,40,0,0
BRDA:192,40,1,0
BRDA:202,41,0,0
BRDA:202,41,1,0
BRDA:212,42,0,0
BRDA:212,42,1,0
BRDA:216,43,0,0
BRDA:216,43,1,0
BRDA:222,44,0,0
BRDA:222,44,1,0
BRDA:228,45,0,0
BRDA:228,45,1,0
BRDA:228,46,0,0
BRDA:228,46,1,0
BRDA:231,47,0,0
BRDA:231,47,1,0
BRDA:240,48,0,0
BRDA:241,49,0,0
BRDA:253,50,0,0
BRDA:253,50,1,0
BRDA:257,51,0,0
BRDA:257,51,1,0
BRDA:263,52,0,0
BRDA:263,52,1,0
BRDA:269,53,0,0
BRDA:269,53,1,0
BRDA:269,54,0,0
BRDA:269,54,1,0
BRDA:272,55,0,0
BRDA:272,55,1,0
BRDA:282,56,0,0
BRDA:295,57,0,0
BRDA:295,57,1,0
BRDA:299,58,0,0
BRDA:299,58,1,0
BRDA:305,59,0,0
BRDA:305,59,1,0
BRDA:311,60,0,0
BRDA:311,60,1,0
BRDA:311,61,0,0
BRDA:311,61,1,0
BRDA:314,62,0,0
BRDA:314,62,1,0
BRDA:321,63,0,0
BRDA:330,64,0,0
BRDA:330,64,1,0
BRDA:335,65,0,0
BRDA:335,65,1,0
BRDA:341,66,0,0
BRDA:341,66,1,0
BRDA:343,67,0,0
BRDA:343,67,1,0
BRDA:349,68,0,0
BRDA:349,68,1,0
BRDA:350,69,0,0
BRDA:350,69,1,0
BRDA:350,69,2,0
BRDA:355,70,0,0
BRDA:355,70,1,0
BRDA:374,71,0,0
BRDA:374,71,1,0
BRDA:378,72,0,0
BRDA:378,72,1,0
BRDA:384,73,0,0
BRDA:384,73,1,0
BRDA:390,74,0,0
BRDA:390,74,1,0
BRDA:390,75,0,0
BRDA:390,75,1,0
BRDA:393,76,0,0
BRDA:393,76,1,0
BRDA:400,77,0,0
BRDA:409,78,0,0
BRDA:409,78,1,0
BRDA:412,79,0,0
BRDA:412,79,1,0
BRDA:431,80,0,0
BRDA:431,80,1,0
BRDA:437,81,0,0
BRDA:437,81,1,0
BRDA:439,82,0,0
BRDA:439,82,1,0
BRDA:445,83,0,0
BRDA:445,83,1,0
BRDA:446,84,0,0
BRDA:446,84,1,0
BRDA:446,84,2,0
BRDA:451,85,0,0
BRDA:451,85,1,0
BRDA:470,86,0,0
BRDA:470,86,1,0
BRDA:473,87,0,0
BRDA:473,87,1,0
BRDA:492,88,0,0
BRDA:492,88,1,0
BRDA:498,89,0,0
BRDA:498,89,1,0
BRDA:504,90,0,0
BRDA:504,90,1,0
BRDA:504,91,0,0
BRDA:504,91,1,0
BRDA:507,92,0,0
BRDA:507,92,1,0
BRDA:514,93,0,0
BRDA:523,94,0,0
BRDA:523,94,1,0
BRDA:528,95,0,0
BRDA:528,95,1,0
BRDA:534,96,0,0
BRDA:534,96,1,0
BRDA:536,97,0,0
BRDA:536,97,1,0
BRDA:542,98,0,0
BRDA:542,98,1,0
BRDA:543,99,0,0
BRDA:543,99,1,0
BRDA:543,99,2,0
BRDA:548,100,0,0
BRDA:548,100,1,0
BRDA:567,101,0,0
BRDA:567,101,1,0
BRDA:571,102,0,0
BRDA:571,102,1,0
BRDA:577,103,0,0
BRDA:577,103,1,0
BRDA:583,104,0,0
BRDA:583,104,1,0
BRDA:583,105,0,0
BRDA:583,105,1,0
BRDA:586,106,0,0
BRDA:586,106,1,0
BRDA:596,107,0,0
BRDA:596,107,1,0
BRDA:620,108,0,0
BRDA:620,108,1,0
BRDA:628,109,0,0
BRDA:628,109,1,0
BRDA:636,110,0,0
BRDA:636,110,1,0
BRDA:639,111,0,0
BRDA:639,111,1,0
BRDA:645,112,0,0
BRDA:645,112,1,0
BRDA:651,113,0,0
BRDA:651,113,1,0
BRDA:651,114,0,0
BRDA:651,114,1,0
BRDA:654,115,0,0
BRDA:654,115,1,0
BRDA:666,116,0,0
BRDA:667,117,0,0
BRDA:670,118,0,0
BRDA:670,118,1,0
BRDA:678,119,0,0
BRDA:678,119,1,0
BRDA:689,120,0,0
BRDA:689,120,1,0
BRDA:696,121,0,0
BRDA:696,121,1,0
BRDA:696,122,0,0
BRDA:696,122,1,0
BRDA:701,123,0,0
BRDA:701,123,1,0
BRDA:709,124,0,0
BRDA:709,124,1,0
BRDA:713,125,0,0
BRDA:713,125,1,0
BRDA:713,126,0,0
BRDA:713,126,1,0
BRDA:718,127,0,0
BRDA:718,127,1,0
BRDA:726,128,0,0
BRDA:726,128,1,0
BRDA:730,129,0,0
BRDA:730,129,1,0
BRDA:730,130,0,0
BRDA:730,130,1,0
BRDA:735,131,0,0
BRDA:735,131,1,0
BRDA:739,132,0,0
BRDA:739,132,1,0
BRDA:743,133,0,0
BRDA:743,133,1,0
BRDA:747,134,0,0
BRDA:747,134,1,0
BRDA:747,135,0,0
BRDA:747,135,1,0
BRDA:760,136,0,0
BRDA:760,136,1,0
BRDA:763,137,0,0
BRDA:763,137,1,0
BRDA:768,138,0,0
BRDA:768,138,1,0
BRDA:771,139,0,0
BRDA:771,139,1,0
BRDA:777,140,0,0
BRDA:777,140,1,0
BRDA:777,141,0,0
BRDA:777,141,1,0
BRDA:780,142,0,0
BRDA:780,142,1,0
BRF:281
BRH:0
end_of_record
TN:
SF:src/services/taggingService.ts
FN:4,(anonymous_0)
FN:8,(anonymous_1)
FN:31,(anonymous_2)
FN:36,(anonymous_3)
FN:46,(anonymous_4)
FN:54,(anonymous_5)
FN:59,(anonymous_6)
FN:79,(anonymous_7)
FN:87,(anonymous_8)
FN:93,(anonymous_9)
FN:119,(anonymous_10)
FN:129,(anonymous_11)
FN:138,(anonymous_12)
FN:147,(anonymous_13)
FNF:14
FNH:0
FNDA:0,(anonymous_0)
FNDA:0,(anonymous_1)
FNDA:0,(anonymous_2)
FNDA:0,(anonymous_3)
FNDA:0,(anonymous_4)
FNDA:0,(anonymous_5)
FNDA:0,(anonymous_6)
FNDA:0,(anonymous_7)
FNDA:0,(anonymous_8)
FNDA:0,(anonymous_9)
FNDA:0,(anonymous_10)
FNDA:0,(anonymous_11)
FNDA:0,(anonymous_12)
FNDA:0,(anonymous_13)
DA:5,0
DA:9,0
DA:17,0
DA:18,0
DA:19,0
DA:23,0
DA:24,0
DA:27,0
DA:32,0
DA:33,0
DA:37,0
DA:38,0
DA:40,0
DA:47,0
DA:48,0
DA:55,0
DA:56,0
DA:65,0
DA:66,0
DA:73,0
DA:80,0
DA:81,0
DA:88,0
DA:89,0
DA:94,0
DA:95,0
DA:96,0
DA:100,0
DA:102,0
DA:103,0
DA:104,0
DA:105,0
DA:106,0
DA:110,0
DA:111,0
DA:119,0
DA:121,0
DA:122,0
DA:124,0
DA:131,0
DA:140,0
DA:149,0
DA:153,1
LF:43
LH:1
BRDA:5,0,0,0
BRDA:5,0,1,0
BRDA:8,1,0,0
BRDA:17,2,0,0
BRDA:17,2,1,0
BRDA:23,3,0,0
BRDA:23,3,1,0
BRDA:95,4,0,0
BRDA:95,4,1,0
BRDA:110,5,0,0
BRDA:110,5,1,0
BRDA:119,6,0,0
BRDA:119,6,1,0
BRDA:121,7,0,0
BRDA:121,7,1,0
BRF:15
BRH:0
end_of_record
TN:
SF:src/styles/theme.ts
FNF:0
FNH:0
DA:1,3
LF:1
LH:1
BRF:0
BRH:0
end_of_record
TN:
SF:src/types/index.ts
FNF:0
FNH:0
LF:0
LH:0
BRF:0
BRH:0
end_of_record
