<?xml version="1.0" encoding="UTF-8"?>
<coverage generated="1754291717897" clover="3.2.0">
  <project timestamp="1754291717897" name="All files">
    <metrics statements="83" coveredstatements="81" conditionals="39" coveredconditionals="34" methods="12" coveredmethods="12" elements="134" coveredelements="127" complexity="0" loc="83" ncloc="83" packages="1" files="2" classes="2"/>
    <file name="App.tsx" path="/Users/anthonypelusocook/moodring-vibe/moodring_frontend/App.tsx">
      <metrics statements="82" coveredstatements="81" conditionals="39" coveredconditionals="34" methods="12" coveredmethods="12"/>
      <line num="8" count="2" type="stmt"/>
      <line num="11" count="2" type="stmt"/>
      <line num="17" count="2" type="stmt"/>
      <line num="19" count="2" type="cond" truecount="2" falsecount="0"/>
      <line num="20" count="1" type="stmt"/>
      <line num="27" count="1" type="stmt"/>
      <line num="53" count="32" type="stmt"/>
      <line num="54" count="32" type="stmt"/>
      <line num="55" count="32" type="stmt"/>
      <line num="56" count="32" type="stmt"/>
      <line num="59" count="32" type="stmt"/>
      <line num="61" count="32" type="stmt"/>
      <line num="72" count="32" type="stmt"/>
      <line num="73" count="3" type="stmt"/>
      <line num="74" count="3" type="stmt"/>
      <line num="88" count="3" type="cond" truecount="2" falsecount="0"/>
      <line num="89" count="1" type="stmt"/>
      <line num="92" count="2" type="stmt"/>
      <line num="93" count="2" type="stmt"/>
      <line num="95" count="1" type="stmt"/>
      <line num="99" count="32" type="stmt"/>
      <line num="100" count="6" type="stmt"/>
      <line num="101" count="6" type="stmt"/>
      <line num="107" count="6" type="cond" truecount="2" falsecount="0"/>
      <line num="108" count="1" type="stmt"/>
      <line num="111" count="5" type="stmt"/>
      <line num="112" count="5" type="stmt"/>
      <line num="114" count="1" type="stmt"/>
      <line num="118" count="32" type="stmt"/>
      <line num="119" count="1" type="stmt"/>
      <line num="120" count="1" type="stmt"/>
      <line num="127" count="32" type="stmt"/>
      <line num="128" count="14" type="stmt"/>
      <line num="129" count="14" type="stmt"/>
      <line num="130" count="13" type="cond" truecount="2" falsecount="0"/>
      <line num="131" count="4" type="stmt"/>
      <line num="137" count="9" type="stmt"/>
      <line num="140" count="32" type="stmt"/>
      <line num="141" count="1" type="stmt"/>
      <line num="142" count="1" type="stmt"/>
      <line num="149" count="32" type="stmt"/>
      <line num="150" count="2" type="stmt"/>
      <line num="151" count="2" type="stmt"/>
      <line num="152" count="2" type="stmt"/>
      <line num="154" count="1" type="stmt"/>
      <line num="158" count="32" type="stmt"/>
      <line num="159" count="1" type="stmt"/>
      <line num="160" count="1" type="stmt"/>
      <line num="161" count="1" type="stmt"/>
      <line num="164" count="32" type="stmt"/>
      <line num="166" count="14" type="stmt"/>
      <line num="167" count="14" type="stmt"/>
      <line num="168" count="14" type="stmt"/>
      <line num="169" count="14" type="stmt"/>
      <line num="170" count="13" type="cond" truecount="2" falsecount="0"/>
      <line num="172" count="4" type="stmt"/>
      <line num="173" count="4" type="stmt"/>
      <line num="174" count="4" type="stmt"/>
      <line num="179" count="0" type="stmt"/>
      <line num="181" count="13" type="stmt"/>
      <line num="185" count="14" type="stmt"/>
      <line num="188" count="32" type="stmt"/>
      <line num="190" count="14" type="stmt"/>
      <line num="191" count="14" type="cond" truecount="5" falsecount="0"/>
      <line num="192" count="3" type="stmt"/>
      <line num="193" count="3" type="stmt"/>
      <line num="194" count="3" type="stmt"/>
      <line num="196" count="2" type="stmt"/>
      <line num="198" count="1" type="stmt"/>
      <line num="199" count="1" type="stmt"/>
      <line num="200" count="1" type="stmt"/>
      <line num="202" count="2" type="cond" truecount="1" falsecount="1"/>
      <line num="204" count="3" type="stmt"/>
      <line num="206" count="11" type="cond" truecount="2" falsecount="0"/>
      <line num="207" count="1" type="cond" truecount="1" falsecount="1"/>
      <line num="211" count="14" type="stmt"/>
      <line num="214" count="32" type="cond" truecount="2" falsecount="0"/>
      <line num="215" count="15" type="stmt"/>
      <line num="223" count="17" type="cond" truecount="4" falsecount="0"/>
      <line num="225" count="5" type="stmt"/>
      <line num="272" count="12" type="stmt"/>
      <line num="315" count="1" type="stmt"/>
    </file>
    <file name="index.ts" path="/Users/anthonypelusocook/moodring-vibe/moodring_frontend/index.ts">
      <metrics statements="1" coveredstatements="0" conditionals="0" coveredconditionals="0" methods="0" coveredmethods="0"/>
      <line num="8" count="0" type="stmt"/>
    </file>
  </project>
</coverage>
