{
  "/Users/anthonypelusocook/moodring-vibe/moodring_frontend/App.tsx": {
    "path": "/Users/anthonypelusocook/moodring-vibe/moodring_frontend/App.tsx",
    "statementMap": {
      "0": { "start": { "line": 8, "column": 0 }, "end": { "line": 8, "column": 38 } },
      "1": { "start": { "line": 11, "column": 18 }, "end": { "line": 14, "column": 1 } },
      "2": { "start": { "line": 17, "column": 18 }, "end": { "line": 17, "column": 59 } },
      "3": { "start": { "line": 19, "column": 0 }, "end": { "line": 24, "column": 1 } },
      "4": { "start": { "line": 20, "column": 2 }, "end": { "line": 23, "column": 4 } },
      "5": { "start": { "line": 27, "column": 15 }, "end": { "line": 35, "column": 1 } },
      "6": { "start": { "line": 53, "column": 26 }, "end": { "line": 53, "column": 60 } },
      "7": { "start": { "line": 54, "column": 30 }, "end": { "line": 54, "column": 63 } },
      "8": { "start": { "line": 55, "column": 36 }, "end": { "line": 55, "column": 50 } },
      "9": { "start": { "line": 56, "column": 28 }, "end": { "line": 56, "column": 57 } },
      "10": { "start": { "line": 58, "column": 22 }, "end": { "line": 61, "column": 4 } },
      "11": { "start": { "line": 63, "column": 43 }, "end": { "line": 72, "column": 3 } },
      "12": { "start": { "line": 74, "column": 32 }, "end": { "line": 99, "column": 3 } },
      "13": { "start": { "line": 75, "column": 4 }, "end": { "line": 98, "column": 5 } },
      "14": { "start": { "line": 76, "column": 23 }, "end": { "line": 88, "column": 8 } },
      "15": { "start": { "line": 90, "column": 6 }, "end": { "line": 92, "column": 7 } },
      "16": { "start": { "line": 91, "column": 8 }, "end": { "line": 91, "column": 69 } },
      "17": { "start": { "line": 94, "column": 36 }, "end": { "line": 94, "column": 57 } },
      "18": { "start": { "line": 95, "column": 6 }, "end": { "line": 95, "column": 23 } },
      "19": { "start": { "line": 97, "column": 6 }, "end": { "line": 97, "column": 68 } },
      "20": { "start": { "line": 101, "column": 27 }, "end": { "line": 118, "column": 3 } },
      "21": { "start": { "line": 102, "column": 4 }, "end": { "line": 117, "column": 5 } },
      "22": { "start": { "line": 103, "column": 23 }, "end": { "line": 107, "column": 8 } },
      "23": { "start": { "line": 109, "column": 6 }, "end": { "line": 111, "column": 7 } },
      "24": { "start": { "line": 110, "column": 8 }, "end": { "line": 110, "column": 76 } },
      "25": { "start": { "line": 113, "column": 36 }, "end": { "line": 113, "column": 57 } },
      "26": { "start": { "line": 114, "column": 6 }, "end": { "line": 114, "column": 22 } },
      "27": { "start": { "line": 116, "column": 6 }, "end": { "line": 116, "column": 62 } },
      "28": { "start": { "line": 120, "column": 29 }, "end": { "line": 127, "column": 3 } },
      "29": { "start": { "line": 121, "column": 4 }, "end": { "line": 126, "column": 5 } },
      "30": { "start": { "line": 122, "column": 6 }, "end": { "line": 122, "column": 79 } },
      "31": { "start": { "line": 129, "column": 26 }, "end": { "line": 140, "column": 3 } },
      "32": { "start": { "line": 130, "column": 4 }, "end": { "line": 138, "column": 5 } },
      "33": { "start": { "line": 131, "column": 27 }, "end": { "line": 131, "column": 75 } },
      "34": { "start": { "line": 132, "column": 6 }, "end": { "line": 134, "column": 7 } },
      "35": { "start": { "line": 133, "column": 8 }, "end": { "line": 133, "column": 40 } },
      "36": { "start": { "line": 139, "column": 4 }, "end": { "line": 139, "column": 16 } },
      "37": { "start": { "line": 142, "column": 28 }, "end": { "line": 149, "column": 3 } },
      "38": { "start": { "line": 143, "column": 4 }, "end": { "line": 148, "column": 5 } },
      "39": { "start": { "line": 144, "column": 6 }, "end": { "line": 144, "column": 58 } },
      "40": { "start": { "line": 151, "column": 22 }, "end": { "line": 158, "column": 3 } },
      "41": { "start": { "line": 152, "column": 4 }, "end": { "line": 157, "column": 5 } },
      "42": { "start": { "line": 153, "column": 6 }, "end": { "line": 153, "column": 21 } },
      "43": { "start": { "line": 154, "column": 6 }, "end": { "line": 154, "column": 26 } },
      "44": { "start": { "line": 156, "column": 6 }, "end": { "line": 156, "column": 48 } },
      "45": { "start": { "line": 160, "column": 23 }, "end": { "line": 164, "column": 3 } },
      "46": { "start": { "line": 161, "column": 4 }, "end": { "line": 161, "column": 30 } },
      "47": { "start": { "line": 162, "column": 4 }, "end": { "line": 162, "column": 18 } },
      "48": { "start": { "line": 163, "column": 4 }, "end": { "line": 163, "column": 20 } },
      "49": { "start": { "line": 166, "column": 2 }, "end": { "line": 188, "column": 9 } },
      "50": { "start": { "line": 168, "column": 27 }, "end": { "line": 185, "column": 5 } },
      "51": { "start": { "line": 169, "column": 6 }, "end": { "line": 169, "column": 25 } },
      "52": { "start": { "line": 170, "column": 6 }, "end": { "line": 184, "column": 7 } },
      "53": { "start": { "line": 171, "column": 28 }, "end": { "line": 171, "column": 51 } },
      "54": { "start": { "line": 172, "column": 8 }, "end": { "line": 177, "column": 9 } },
      "55": { "start": { "line": 174, "column": 27 }, "end": { "line": 174, "column": 75 } },
      "56": { "start": { "line": 175, "column": 10 }, "end": { "line": 175, "column": 33 } },
      "57": { "start": { "line": 176, "column": 10 }, "end": { "line": 176, "column": 28 } },
      "58": { "start": { "line": 181, "column": 8 }, "end": { "line": 181, "column": 34 } },
      "59": { "start": { "line": 183, "column": 8 }, "end": { "line": 183, "column": 28 } },
      "60": { "start": { "line": 187, "column": 4 }, "end": { "line": 187, "column": 21 } },
      "61": { "start": { "line": 190, "column": 2 }, "end": { "line": 214, "column": 26 } },
      "62": { "start": { "line": 192, "column": 31 }, "end": { "line": 211, "column": 5 } },
      "63": { "start": { "line": 193, "column": 6 }, "end": { "line": 210, "column": 7 } },
      "64": { "start": { "line": 194, "column": 8 }, "end": { "line": 194, "column": 27 } },
      "65": { "start": { "line": 195, "column": 8 }, "end": { "line": 207, "column": 9 } },
      "66": { "start": { "line": 196, "column": 28 }, "end": { "line": 196, "column": 99 } },
      "67": { "start": { "line": 198, "column": 27 }, "end": { "line": 198, "column": 73 } },
      "68": { "start": { "line": 200, "column": 10 }, "end": { "line": 200, "column": 46 } },
      "69": { "start": { "line": 201, "column": 10 }, "end": { "line": 201, "column": 31 } },
      "70": { "start": { "line": 202, "column": 10 }, "end": { "line": 202, "column": 28 } },
      "71": { "start": { "line": 204, "column": 10 }, "end": { "line": 204, "column": 81 } },
      "72": { "start": { "line": 206, "column": 10 }, "end": { "line": 206, "column": 30 } },
      "73": { "start": { "line": 208, "column": 13 }, "end": { "line": 210, "column": 7 } },
      "74": { "start": { "line": 209, "column": 8 }, "end": { "line": 209, "column": 97 } },
      "75": { "start": { "line": 213, "column": 4 }, "end": { "line": 213, "column": 25 } },
      "76": { "start": { "line": 216, "column": 2 }, "end": { "line": 223, "column": 3 } },
      "77": { "start": { "line": 217, "column": 4 }, "end": { "line": 222, "column": 6 } },
      "78": { "start": { "line": 225, "column": 2 }, "end": { "line": 271, "column": 3 } },
      "79": { "start": { "line": 227, "column": 4 }, "end": { "line": 270, "column": 6 } },
      "80": { "start": { "line": 274, "column": 2 }, "end": { "line": 314, "column": 4 } },
      "81": { "start": { "line": 317, "column": 15 }, "end": { "line": 493, "column": 2 } }
    },
    "fnMap": {
      "0": {
        "name": "App",
        "decl": { "start": { "line": 52, "column": 24 }, "end": { "line": 52, "column": 27 } },
        "loc": { "start": { "line": 52, "column": 30 }, "end": { "line": 315, "column": 1 } },
        "line": 52
      },
      "1": {
        "name": "(anonymous_1)",
        "decl": { "start": { "line": 74, "column": 32 }, "end": { "line": 74, "column": 33 } },
        "loc": { "start": { "line": 74, "column": 78 }, "end": { "line": 99, "column": 3 } },
        "line": 74
      },
      "2": {
        "name": "(anonymous_2)",
        "decl": { "start": { "line": 101, "column": 27 }, "end": { "line": 101, "column": 28 } },
        "loc": { "start": { "line": 101, "column": 58 }, "end": { "line": 118, "column": 3 } },
        "line": 101
      },
      "3": {
        "name": "(anonymous_3)",
        "decl": { "start": { "line": 120, "column": 29 }, "end": { "line": 120, "column": 30 } },
        "loc": { "start": { "line": 120, "column": 59 }, "end": { "line": 127, "column": 3 } },
        "line": 120
      },
      "4": {
        "name": "(anonymous_4)",
        "decl": { "start": { "line": 129, "column": 26 }, "end": { "line": 129, "column": 27 } },
        "loc": { "start": { "line": 129, "column": 66 }, "end": { "line": 140, "column": 3 } },
        "line": 129
      },
      "5": {
        "name": "(anonymous_5)",
        "decl": { "start": { "line": 142, "column": 28 }, "end": { "line": 142, "column": 29 } },
        "loc": { "start": { "line": 142, "column": 40 }, "end": { "line": 149, "column": 3 } },
        "line": 142
      },
      "6": {
        "name": "(anonymous_6)",
        "decl": { "start": { "line": 151, "column": 22 }, "end": { "line": 151, "column": 23 } },
        "loc": { "start": { "line": 151, "column": 34 }, "end": { "line": 158, "column": 3 } },
        "line": 151
      },
      "7": {
        "name": "(anonymous_7)",
        "decl": { "start": { "line": 160, "column": 23 }, "end": { "line": 160, "column": 24 } },
        "loc": { "start": { "line": 160, "column": 35 }, "end": { "line": 164, "column": 3 } },
        "line": 160
      },
      "8": {
        "name": "(anonymous_8)",
        "decl": { "start": { "line": 166, "column": 12 }, "end": { "line": 166, "column": 13 } },
        "loc": { "start": { "line": 166, "column": 18 }, "end": { "line": 188, "column": 3 } },
        "line": 166
      },
      "9": {
        "name": "(anonymous_9)",
        "decl": { "start": { "line": 168, "column": 27 }, "end": { "line": 168, "column": 28 } },
        "loc": { "start": { "line": 168, "column": 39 }, "end": { "line": 185, "column": 5 } },
        "line": 168
      },
      "10": {
        "name": "(anonymous_10)",
        "decl": { "start": { "line": 190, "column": 12 }, "end": { "line": 190, "column": 13 } },
        "loc": { "start": { "line": 190, "column": 18 }, "end": { "line": 214, "column": 3 } },
        "line": 190
      },
      "11": {
        "name": "(anonymous_11)",
        "decl": { "start": { "line": 192, "column": 31 }, "end": { "line": 192, "column": 32 } },
        "loc": { "start": { "line": 192, "column": 43 }, "end": { "line": 211, "column": 5 } },
        "line": 192
      }
    },
    "branchMap": {
      "0": {
        "loc": { "start": { "line": 19, "column": 0 }, "end": { "line": 24, "column": 1 } },
        "type": "if",
        "locations": [
          { "start": { "line": 19, "column": 0 }, "end": { "line": 24, "column": 1 } },
          { "start": {}, "end": {} }
        ],
        "line": 19
      },
      "1": {
        "loc": { "start": { "line": 90, "column": 6 }, "end": { "line": 92, "column": 7 } },
        "type": "if",
        "locations": [
          { "start": { "line": 90, "column": 6 }, "end": { "line": 92, "column": 7 } },
          { "start": {}, "end": {} }
        ],
        "line": 90
      },
      "2": {
        "loc": { "start": { "line": 109, "column": 6 }, "end": { "line": 111, "column": 7 } },
        "type": "if",
        "locations": [
          { "start": { "line": 109, "column": 6 }, "end": { "line": 111, "column": 7 } },
          { "start": {}, "end": {} }
        ],
        "line": 109
      },
      "3": {
        "loc": { "start": { "line": 132, "column": 6 }, "end": { "line": 134, "column": 7 } },
        "type": "if",
        "locations": [
          { "start": { "line": 132, "column": 6 }, "end": { "line": 134, "column": 7 } },
          { "start": {}, "end": {} }
        ],
        "line": 132
      },
      "4": {
        "loc": { "start": { "line": 172, "column": 8 }, "end": { "line": 177, "column": 9 } },
        "type": "if",
        "locations": [
          { "start": { "line": 172, "column": 8 }, "end": { "line": 177, "column": 9 } },
          { "start": {}, "end": {} }
        ],
        "line": 172
      },
      "5": {
        "loc": { "start": { "line": 193, "column": 6 }, "end": { "line": 210, "column": 7 } },
        "type": "if",
        "locations": [
          { "start": { "line": 193, "column": 6 }, "end": { "line": 210, "column": 7 } },
          { "start": { "line": 208, "column": 13 }, "end": { "line": 210, "column": 7 } }
        ],
        "line": 193
      },
      "6": {
        "loc": { "start": { "line": 193, "column": 10 }, "end": { "line": 193, "column": 87 } },
        "type": "binary-expr",
        "locations": [
          { "start": { "line": 193, "column": 10 }, "end": { "line": 193, "column": 38 } },
          { "start": { "line": 193, "column": 42 }, "end": { "line": 193, "column": 62 } },
          { "start": { "line": 193, "column": 66 }, "end": { "line": 193, "column": 87 } }
        ],
        "line": 193
      },
      "7": {
        "loc": { "start": { "line": 204, "column": 19 }, "end": { "line": 204, "column": 79 } },
        "type": "cond-expr",
        "locations": [
          { "start": { "line": 204, "column": 42 }, "end": { "line": 204, "column": 53 } },
          { "start": { "line": 204, "column": 56 }, "end": { "line": 204, "column": 79 } }
        ],
        "line": 204
      },
      "8": {
        "loc": { "start": { "line": 208, "column": 13 }, "end": { "line": 210, "column": 7 } },
        "type": "if",
        "locations": [
          { "start": { "line": 208, "column": 13 }, "end": { "line": 210, "column": 7 } },
          { "start": {}, "end": {} }
        ],
        "line": 208
      },
      "9": {
        "loc": { "start": { "line": 209, "column": 42 }, "end": { "line": 209, "column": 93 } },
        "type": "binary-expr",
        "locations": [
          { "start": { "line": 209, "column": 42 }, "end": { "line": 209, "column": 75 } },
          { "start": { "line": 209, "column": 79 }, "end": { "line": 209, "column": 93 } }
        ],
        "line": 209
      },
      "10": {
        "loc": { "start": { "line": 216, "column": 2 }, "end": { "line": 223, "column": 3 } },
        "type": "if",
        "locations": [
          { "start": { "line": 216, "column": 2 }, "end": { "line": 223, "column": 3 } },
          { "start": {}, "end": {} }
        ],
        "line": 216
      },
      "11": {
        "loc": { "start": { "line": 225, "column": 2 }, "end": { "line": 271, "column": 3 } },
        "type": "if",
        "locations": [
          { "start": { "line": 225, "column": 2 }, "end": { "line": 271, "column": 3 } },
          { "start": {}, "end": {} }
        ],
        "line": 225
      },
      "12": {
        "loc": { "start": { "line": 225, "column": 6 }, "end": { "line": 225, "column": 20 } },
        "type": "binary-expr",
        "locations": [
          { "start": { "line": 225, "column": 6 }, "end": { "line": 225, "column": 10 } },
          { "start": { "line": 225, "column": 14 }, "end": { "line": 225, "column": 20 } }
        ],
        "line": 225
      },
      "13": {
        "loc": { "start": { "line": 233, "column": 11 }, "end": { "line": 239, "column": 11 } },
        "type": "binary-expr",
        "locations": [
          { "start": { "line": 233, "column": 11 }, "end": { "line": 233, "column": 34 } },
          { "start": { "line": 234, "column": 12 }, "end": { "line": 238, "column": 19 } }
        ],
        "line": 233
      },
      "14": {
        "loc": { "start": { "line": 236, "column": 17 }, "end": { "line": 236, "column": 94 } },
        "type": "binary-expr",
        "locations": [
          { "start": { "line": 236, "column": 17 }, "end": { "line": 236, "column": 59 } },
          { "start": { "line": 236, "column": 63 }, "end": { "line": 236, "column": 94 } }
        ],
        "line": 236
      },
      "15": {
        "loc": { "start": { "line": 241, "column": 43 }, "end": { "line": 241, "column": 71 } },
        "type": "binary-expr",
        "locations": [
          { "start": { "line": 241, "column": 43 }, "end": { "line": 241, "column": 60 } },
          { "start": { "line": 241, "column": 64 }, "end": { "line": 241, "column": 71 } }
        ],
        "line": 241
      },
      "16": {
        "loc": { "start": { "line": 243, "column": 13 }, "end": { "line": 245, "column": 13 } },
        "type": "binary-expr",
        "locations": [
          { "start": { "line": 243, "column": 13 }, "end": { "line": 243, "column": 27 } },
          { "start": { "line": 244, "column": 14 }, "end": { "line": 244, "column": 88 } }
        ],
        "line": 243
      },
      "17": {
        "loc": { "start": { "line": 280, "column": 9 }, "end": { "line": 284, "column": 9 } },
        "type": "binary-expr",
        "locations": [
          { "start": { "line": 280, "column": 9 }, "end": { "line": 280, "column": 14 } },
          { "start": { "line": 281, "column": 10 }, "end": { "line": 283, "column": 17 } }
        ],
        "line": 280
      },
      "18": {
        "loc": { "start": { "line": 298, "column": 40 }, "end": { "line": 298, "column": 78 } },
        "type": "binary-expr",
        "locations": [
          { "start": { "line": 298, "column": 40 }, "end": { "line": 298, "column": 48 } },
          { "start": { "line": 298, "column": 52 }, "end": { "line": 298, "column": 78 } }
        ],
        "line": 298
      }
    },
    "s": {
      "0": 2,
      "1": 2,
      "2": 2,
      "3": 2,
      "4": 1,
      "5": 1,
      "6": 32,
      "7": 32,
      "8": 32,
      "9": 32,
      "10": 32,
      "11": 32,
      "12": 32,
      "13": 3,
      "14": 3,
      "15": 3,
      "16": 1,
      "17": 2,
      "18": 2,
      "19": 1,
      "20": 32,
      "21": 6,
      "22": 6,
      "23": 6,
      "24": 1,
      "25": 5,
      "26": 5,
      "27": 1,
      "28": 32,
      "29": 1,
      "30": 1,
      "31": 32,
      "32": 14,
      "33": 14,
      "34": 13,
      "35": 4,
      "36": 9,
      "37": 32,
      "38": 1,
      "39": 1,
      "40": 32,
      "41": 2,
      "42": 2,
      "43": 2,
      "44": 1,
      "45": 32,
      "46": 1,
      "47": 1,
      "48": 1,
      "49": 32,
      "50": 14,
      "51": 14,
      "52": 14,
      "53": 14,
      "54": 13,
      "55": 4,
      "56": 4,
      "57": 4,
      "58": 0,
      "59": 13,
      "60": 14,
      "61": 32,
      "62": 14,
      "63": 14,
      "64": 3,
      "65": 3,
      "66": 3,
      "67": 2,
      "68": 1,
      "69": 1,
      "70": 1,
      "71": 2,
      "72": 3,
      "73": 11,
      "74": 1,
      "75": 14,
      "76": 32,
      "77": 15,
      "78": 17,
      "79": 5,
      "80": 12,
      "81": 1
    },
    "f": {
      "0": 32,
      "1": 3,
      "2": 6,
      "3": 1,
      "4": 14,
      "5": 1,
      "6": 2,
      "7": 1,
      "8": 14,
      "9": 14,
      "10": 14,
      "11": 14
    },
    "b": {
      "0": [1, 1],
      "1": [1, 2],
      "2": [1, 5],
      "3": [4, 9],
      "4": [4, 9],
      "5": [3, 11],
      "6": [14, 3, 3],
      "7": [2, 0],
      "8": [1, 10],
      "9": [1, 0],
      "10": [15, 17],
      "11": [5, 12],
      "12": [17, 5],
      "13": [5, 4],
      "14": [4, 0],
      "15": [5, 0],
      "16": [5, 5],
      "17": [12, 4],
      "18": [12, 0]
    },
    "_coverageSchema": "1a1c01bbd47fc00a2c39e90264f33305004495a9",
    "hash": "1fdfd21958335d9559da2e53b371466c34842c35"
  },
  "/Users/anthonypelusocook/moodring-vibe/moodring_frontend/index.ts": {
    "path": "/Users/anthonypelusocook/moodring-vibe/moodring_frontend/index.ts",
    "statementMap": {
      "0": { "start": { "line": 8, "column": 0 }, "end": { "line": 8, "column": 27 } }
    },
    "fnMap": {},
    "branchMap": {},
    "s": { "0": 0 },
    "f": {},
    "b": {}
  }
}
