TN:
SF:App.tsx
FN:52,App
FN:74,(anonymous_1)
FN:101,(anonymous_2)
FN:120,(anonymous_3)
FN:129,(anonymous_4)
FN:142,(anonymous_5)
FN:151,(anonymous_6)
FN:160,(anonymous_7)
FN:166,(anonymous_8)
FN:168,(anonymous_9)
FN:190,(anonymous_10)
FN:192,(anonymous_11)
FNF:12
FNH:12
FNDA:32,App
FNDA:3,(anonymous_1)
FNDA:6,(anonymous_2)
FNDA:1,(anonymous_3)
FNDA:14,(anonymous_4)
FNDA:1,(anonymous_5)
FNDA:2,(anonymous_6)
FNDA:1,(anonymous_7)
FNDA:14,(anonymous_8)
FNDA:14,(anonymous_9)
FNDA:14,(anonymous_10)
FNDA:14,(anonymous_11)
DA:8,2
DA:11,2
DA:17,2
DA:19,2
DA:20,1
DA:27,1
DA:53,32
DA:54,32
DA:55,32
DA:56,32
DA:58,32
DA:63,32
DA:74,32
DA:75,3
DA:76,3
DA:90,3
DA:91,1
DA:94,2
DA:95,2
DA:97,1
DA:101,32
DA:102,6
DA:103,6
DA:109,6
DA:110,1
DA:113,5
DA:114,5
DA:116,1
DA:120,32
DA:121,1
DA:122,1
DA:129,32
DA:130,14
DA:131,14
DA:132,13
DA:133,4
DA:139,9
DA:142,32
DA:143,1
DA:144,1
DA:151,32
DA:152,2
DA:153,2
DA:154,2
DA:156,1
DA:160,32
DA:161,1
DA:162,1
DA:163,1
DA:166,32
DA:168,14
DA:169,14
DA:170,14
DA:171,14
DA:172,13
DA:174,4
DA:175,4
DA:176,4
DA:181,0
DA:183,13
DA:187,14
DA:190,32
DA:192,14
DA:193,14
DA:194,3
DA:195,3
DA:196,3
DA:198,2
DA:200,1
DA:201,1
DA:202,1
DA:204,2
DA:206,3
DA:208,11
DA:209,1
DA:213,14
DA:216,32
DA:217,15
DA:225,17
DA:227,5
DA:274,12
DA:317,1
LF:82
LH:81
BRDA:19,0,0,1
BRDA:19,0,1,1
BRDA:90,1,0,1
BRDA:90,1,1,2
BRDA:109,2,0,1
BRDA:109,2,1,5
BRDA:132,3,0,4
BRDA:132,3,1,9
BRDA:172,4,0,4
BRDA:172,4,1,9
BRDA:193,5,0,3
BRDA:193,5,1,11
BRDA:193,6,0,14
BRDA:193,6,1,3
BRDA:193,6,2,3
BRDA:204,7,0,2
BRDA:204,7,1,0
BRDA:208,8,0,1
BRDA:208,8,1,10
BRDA:209,9,0,1
BRDA:209,9,1,0
BRDA:216,10,0,15
BRDA:216,10,1,17
BRDA:225,11,0,5
BRDA:225,11,1,12
BRDA:225,12,0,17
BRDA:225,12,1,5
BRDA:233,13,0,5
BRDA:233,13,1,4
BRDA:236,14,0,4
BRDA:236,14,1,0
BRDA:241,15,0,5
BRDA:241,15,1,0
BRDA:243,16,0,5
BRDA:243,16,1,5
BRDA:280,17,0,12
BRDA:280,17,1,4
BRDA:298,18,0,12
BRDA:298,18,1,0
BRF:39
BRH:34
end_of_record
TN:
SF:index.ts
FNF:0
FNH:0
DA:8,0
LF:1
LH:0
BRF:0
BRH:0
end_of_record
