TN:
SF:App.tsx
FN:33,(anonymous_0)
FN:50,(anonymous_1)
FN:59,(anonymous_2)
FN:60,(anonymous_3)
FN:113,App
FNF:5
FNH:5
FNDA:35,(anonymous_0)
FNDA:2,(anonymous_1)
FNDA:14,(anonymous_2)
FNDA:14,(anonymous_3)
FNDA:14,App
DA:10,2
DA:12,2
DA:17,2
DA:19,2
DA:20,1
DA:26,1
DA:33,1
DA:34,35
DA:35,35
DA:37,35
DA:39,35
DA:50,35
DA:51,2
DA:52,2
DA:53,2
DA:55,1
DA:59,35
DA:60,14
DA:61,14
DA:62,3
DA:63,3
DA:64,3
DA:69,1
DA:70,1
DA:71,1
DA:72,1
DA:74,2
DA:75,2
DA:76,2
DA:77,2
DA:79,11
DA:80,1
DA:84,14
DA:87,35
DA:88,15
DA:91,20
DA:92,10
DA:104,10
DA:114,14
LF:39
LH:39
BRDA:19,0,0,1
BRDA:19,0,1,1
BRDA:61,1,0,3
BRDA:61,1,1,11
BRDA:61,2,0,14
BRDA:61,2,1,3
BRDA:61,2,2,3
BRDA:77,3,0,2
BRDA:77,3,1,0
BRDA:79,4,0,1
BRDA:79,4,1,10
BRDA:80,5,0,1
BRDA:80,5,1,0
BRDA:87,6,0,15
BRDA:87,6,1,20
BRDA:91,7,0,10
BRDA:91,7,1,10
BRDA:91,8,0,20
BRDA:91,8,1,10
BRF:19
BRH:17
end_of_record
TN:
SF:index.ts
FNF:0
FNH:0
DA:8,0
LF:1
LH:0
BRF:0
BRH:0
end_of_record
TN:
SF:src/components/index.ts
FNF:0
FNH:0
LF:0
LH:0
BRF:0
BRH:0
end_of_record
TN:
SF:src/components/auth/LoginScreen.tsx
FN:14,(anonymous_0)
FNF:1
FNH:1
FNDA:10,(anonymous_0)
DA:14,2
DA:19,10
DA:64,2
LF:3
LH:3
BRDA:27,0,0,10
BRDA:27,0,1,4
BRF:2
BRH:2
end_of_record
TN:
SF:src/components/dashboard/Dashboard.tsx
FN:28,(anonymous_0)
FNF:1
FNH:1
FNDA:10,(anonymous_0)
DA:28,2
DA:43,10
DA:98,2
LF:3
LH:3
BRDA:62,0,0,10
BRDA:62,0,1,0
BRF:2
BRH:1
end_of_record
TN:
SF:src/components/dashboard/QuickActions.tsx
FN:12,(anonymous_0)
FN:13,(anonymous_1)
FN:14,(anonymous_2)
FN:15,(anonymous_3)
FNF:4
FNH:1
FNDA:10,(anonymous_0)
FNDA:0,(anonymous_1)
FNDA:0,(anonymous_2)
FNDA:0,(anonymous_3)
DA:12,2
DA:17,10
DA:33,2
LF:3
LH:3
BRDA:13,0,0,10
BRDA:14,1,0,10
BRDA:15,2,0,10
BRF:3
BRH:3
end_of_record
TN:
SF:src/components/dashboard/UserProfile.tsx
FN:11,(anonymous_0)
FNF:1
FNH:1
FNDA:10,(anonymous_0)
DA:11,2
DA:12,10
DA:36,2
LF:3
LH:3
BRDA:15,0,0,6
BRDA:15,0,1,4
BRDA:23,1,0,4
BRDA:23,1,1,0
BRDA:28,2,0,10
BRDA:28,2,1,0
BRF:6
BRH:4
end_of_record
TN:
SF:src/components/shared/Button.tsx
FN:15,(anonymous_0)
FN:24,(anonymous_1)
FNF:2
FNH:2
FNDA:16,(anonymous_0)
FNDA:4,(anonymous_1)
DA:15,3
DA:24,16
DA:25,4
DA:26,3
DA:29,16
DA:36,16
DA:42,16
DA:54,3
LF:8
LH:8
BRDA:18,0,0,5
BRDA:19,1,0,3
BRDA:25,2,0,3
BRDA:25,2,1,1
BRDA:32,3,0,16
BRDA:32,3,1,1
BRF:6
BRH:6
end_of_record
TN:
SF:src/components/shared/GradientCard.tsx
FN:12,(anonymous_0)
FNF:1
FNH:1
FNDA:34,(anonymous_0)
DA:12,2
DA:13,34
DA:23,2
LF:3
LH:3
BRF:0
BRH:0
end_of_record
TN:
SF:src/components/shared/LoadingSpinner.tsx
FN:12,(anonymous_0)
FNF:1
FNH:1
FNDA:15,(anonymous_0)
DA:12,2
DA:18,15
DA:26,2
LF:3
LH:3
BRDA:13,0,0,15
BRDA:14,1,0,15
BRDA:15,2,0,15
BRDA:16,3,0,15
BRDA:19,4,0,0
BRDA:19,4,1,15
BRDA:21,5,0,0
BRDA:21,5,1,15
BRF:8
BRH:6
end_of_record
TN:
SF:src/components/tracks/NowPlaying.tsx
FN:15,(anonymous_0)
FN:17,(anonymous_1)
FN:18,(anonymous_2)
FN:29,(anonymous_3)
FNF:4
FNH:1
FNDA:10,(anonymous_0)
FNDA:0,(anonymous_1)
FNDA:0,(anonymous_2)
FNDA:0,(anonymous_3)
DA:15,2
DA:20,10
DA:21,10
DA:22,10
DA:24,10
DA:29,10
DA:30,0
DA:31,0
DA:32,0
DA:35,10
DA:36,10
DA:39,0
DA:116,2
LF:13
LH:9
BRDA:17,0,0,10
BRDA:18,1,0,10
BRDA:35,2,0,10
BRDA:35,2,1,0
BRDA:52,3,0,0
BRDA:52,3,1,0
BRDA:67,4,0,0
BRDA:67,4,1,0
BRDA:88,5,0,0
BRDA:88,5,1,0
BRF:10
BRH:3
end_of_record
TN:
SF:src/components/tracks/RecentTracksList.tsx
FN:13,(anonymous_0)
FN:15,(anonymous_1)
FN:16,(anonymous_2)
FN:20,(anonymous_3)
FN:35,(anonymous_4)
FN:42,(anonymous_5)
FN:43,(anonymous_6)
FNF:7
FNH:1
FNDA:10,(anonymous_0)
FNDA:0,(anonymous_1)
FNDA:0,(anonymous_2)
FNDA:0,(anonymous_3)
FNDA:0,(anonymous_4)
FNDA:0,(anonymous_5)
FNDA:0,(anonymous_6)
DA:13,2
DA:18,10
DA:20,10
DA:21,0
DA:24,10
DA:25,10
DA:32,0
DA:36,0
DA:42,0
DA:43,0
DA:50,2
LF:11
LH:6
BRDA:15,0,0,10
BRDA:16,1,0,10
BRDA:21,2,0,0
BRDA:21,2,1,0
BRDA:24,3,0,10
BRDA:24,3,1,0
BRF:6
BRH:3
end_of_record
TN:
SF:src/components/tracks/TaggingInterface.tsx
FN:12,(anonymous_0)
FN:21,(anonymous_1)
FN:26,(anonymous_2)
FNF:3
FNH:3
FNDA:4,(anonymous_0)
FNDA:6,(anonymous_1)
FNDA:1,(anonymous_2)
DA:12,3
DA:17,4
DA:22,6
DA:26,1
DA:45,3
LF:5
LH:5
BRF:0
BRH:0
end_of_record
TN:
SF:src/components/tracks/TrackCard.tsx
FN:18,(anonymous_0)
FN:23,(anonymous_1)
FN:24,(anonymous_2)
FN:34,(anonymous_3)
FN:38,(anonymous_4)
FN:54,(anonymous_5)
FN:118,(anonymous_6)
FNF:7
FNH:0
FNDA:0,(anonymous_0)
FNDA:0,(anonymous_1)
FNDA:0,(anonymous_2)
FNDA:0,(anonymous_3)
FNDA:0,(anonymous_4)
FNDA:0,(anonymous_5)
FNDA:0,(anonymous_6)
DA:18,2
DA:26,0
DA:27,0
DA:29,0
DA:34,0
DA:35,0
DA:38,0
DA:39,0
DA:42,0
DA:54,0
DA:118,0
DA:129,2
LF:12
LH:2
BRDA:23,0,0,0
BRDA:24,1,0,0
BRDA:57,2,0,0
BRDA:57,2,1,0
BRDA:69,3,0,0
BRDA:69,3,1,0
BRDA:98,4,0,0
BRDA:98,4,1,0
BRF:8
BRH:0
end_of_record
TN:
SF:src/contexts/AuthContext.tsx
FN:23,(anonymous_0)
FN:29,(anonymous_1)
FN:37,(anonymous_2)
FN:55,(anonymous_3)
FN:56,(anonymous_4)
FN:98,(anonymous_5)
FNF:6
FNH:6
FNDA:33,(anonymous_0)
FNDA:1,(anonymous_1)
FNDA:6,(anonymous_2)
FNDA:14,(anonymous_3)
FNDA:14,(anonymous_4)
FNDA:70,(anonymous_5)
DA:17,2
DA:23,2
DA:24,33
DA:25,33
DA:26,33
DA:27,33
DA:29,33
DA:30,1
DA:31,1
DA:32,1
DA:33,1
DA:34,1
DA:37,33
DA:38,6
DA:39,6
DA:40,2
DA:41,2
DA:42,2
DA:43,2
DA:48,4
DA:49,4
DA:51,4
DA:55,33
DA:56,14
DA:57,14
DA:58,14
DA:59,14
DA:60,13
DA:61,4
DA:62,4
DA:65,0
DA:66,0
DA:68,0
DA:69,0
DA:70,0
DA:72,13
DA:76,14
DA:79,33
DA:91,33
DA:98,2
DA:99,70
DA:100,70
DA:101,0
DA:103,70
LF:44
LH:38
BRDA:48,0,0,4
BRDA:48,0,1,0
BRDA:60,1,0,4
BRDA:60,1,1,9
BRDA:65,2,0,0
BRDA:65,2,1,0
BRDA:100,3,0,0
BRDA:100,3,1,70
BRF:8
BRH:4
end_of_record
TN:
SF:src/hooks/useAnimation.ts
FN:6,(anonymous_0)
FN:7,(anonymous_1)
FN:14,(anonymous_2)
FNF:3
FNH:2
FNDA:20,(anonymous_0)
FNDA:10,(anonymous_1)
FNDA:0,(anonymous_2)
DA:6,2
DA:7,20
DA:14,20
DA:15,0
DA:16,0
DA:18,0
DA:19,0
DA:42,0
DA:67,20
LF:9
LH:4
BRDA:18,0,0,0
BRDA:18,0,1,0
BRF:2
BRH:0
end_of_record
TN:
SF:src/hooks/useSpotifyActivity.ts
FN:7,(anonymous_0)
FN:14,(anonymous_1)
FN:33,(anonymous_2)
FN:42,(anonymous_3)
FN:64,(anonymous_4)
FN:79,(anonymous_5)
FN:85,(anonymous_6)
FN:91,(anonymous_7)
FN:101,(anonymous_8)
FNF:9
FNH:5
FNDA:35,(anonymous_0)
FNDA:6,(anonymous_1)
FNDA:0,(anonymous_2)
FNDA:0,(anonymous_3)
FNDA:0,(anonymous_4)
FNDA:20,(anonymous_5)
FNDA:20,(anonymous_6)
FNDA:0,(anonymous_7)
FNDA:5,(anonymous_8)
DA:7,2
DA:8,35
DA:9,35
DA:10,35
DA:11,35
DA:12,35
DA:14,35
DA:15,6
DA:16,6
DA:18,6
DA:20,6
DA:21,6
DA:22,6
DA:24,6
DA:25,6
DA:26,6
DA:27,2
DA:28,2
DA:32,6
DA:34,0
DA:35,0
DA:36,0
DA:37,0
DA:40,0
DA:43,0
DA:44,0
DA:45,0
DA:46,0
DA:49,0
DA:53,6
DA:54,6
DA:56,0
DA:57,0
DA:59,0
DA:60,0
DA:64,35
DA:65,0
DA:67,0
DA:68,0
DA:69,0
DA:71,0
DA:72,0
DA:75,0
DA:79,35
DA:80,20
DA:81,5
DA:85,35
DA:86,20
DA:87,5
DA:88,0
DA:91,5
DA:92,0
DA:93,0
DA:95,0
DA:96,0
DA:101,5
DA:102,5
DA:103,5
DA:104,5
DA:110,35
LF:60
LH:34
BRDA:15,0,0,6
BRDA:15,0,1,0
BRDA:16,1,0,6
BRDA:16,1,1,0
BRDA:18,2,0,0
BRDA:18,2,1,6
BRDA:18,3,0,6
BRDA:18,3,1,6
BRDA:21,4,0,6
BRDA:21,4,1,6
BRDA:24,5,0,6
BRDA:24,5,1,0
BRDA:26,6,0,2
BRDA:26,6,1,4
BRDA:27,7,0,2
BRDA:27,7,1,2
BRDA:34,8,0,0
BRDA:34,8,1,0
BRDA:36,9,0,0
BRDA:36,9,1,0
BRDA:37,10,0,0
BRDA:37,10,1,0
BRDA:43,11,0,0
BRDA:43,11,1,0
BRDA:45,12,0,0
BRDA:45,12,1,0
BRDA:46,13,0,0
BRDA:46,13,1,0
BRDA:56,14,0,0
BRDA:56,14,1,0
BRDA:65,15,0,0
BRDA:65,15,1,0
BRDA:65,16,0,0
BRDA:65,16,1,0
BRDA:71,17,0,0
BRDA:71,17,1,0
BRDA:80,18,0,5
BRDA:80,18,1,15
BRDA:80,19,0,20
BRDA:80,19,1,5
BRDA:86,20,0,5
BRDA:86,20,1,15
BRDA:86,21,0,20
BRDA:86,21,1,5
BRDA:87,22,0,0
BRDA:87,22,1,5
BRDA:95,23,0,0
BRDA:95,23,1,0
BRDA:102,24,0,5
BRDA:102,24,1,0
BRF:50
BRH:22
end_of_record
TN:
SF:src/services/authService.ts
FN:8,(anonymous_0)
FN:34,(anonymous_1)
FN:56,(anonymous_2)
FN:66,(anonymous_3)
FN:80,(anonymous_4)
FN:91,(anonymous_5)
FNF:6
FNH:6
FNDA:5,(anonymous_0)
FNDA:8,(anonymous_1)
FNDA:3,(anonymous_2)
FNDA:14,(anonymous_3)
FNDA:3,(anonymous_4)
FNDA:10,(anonymous_5)
DA:5,3
DA:6,3
DA:9,5
DA:10,5
DA:11,5
DA:22,4
DA:23,2
DA:24,2
DA:27,2
DA:28,2
DA:30,3
DA:35,8
DA:36,8
DA:37,8
DA:44,8
DA:45,1
DA:46,1
DA:49,3
DA:50,3
DA:52,5
DA:57,3
DA:58,3
DA:60,0
DA:61,0
DA:67,14
DA:68,14
DA:69,13
DA:70,4
DA:73,0
DA:74,0
DA:77,9
DA:81,3
DA:82,3
DA:83,3
DA:85,0
DA:86,0
DA:92,10
DA:93,7
DA:95,3
DA:96,3
DA:97,3
DA:98,3
DA:99,3
DA:103,3
LF:44
LH:38
BRDA:10,0,0,5
BRDA:10,0,1,5
BRDA:22,1,0,2
BRDA:22,1,1,2
BRDA:36,2,0,8
BRDA:36,2,1,8
BRDA:44,3,0,1
BRDA:44,3,1,3
BRDA:60,4,0,0
BRDA:60,4,1,0
BRDA:69,5,0,4
BRDA:69,5,1,9
BRDA:73,6,0,0
BRDA:73,6,1,0
BRDA:85,7,0,0
BRDA:85,7,1,0
BRDA:92,8,0,7
BRDA:92,8,1,3
BRF:18
BRH:12
end_of_record
TN:
SF:src/services/spotifyApi.ts
FN:4,(anonymous_0)
FN:8,(anonymous_1)
FN:45,(anonymous_2)
FN:55,(anonymous_3)
FNF:4
FNH:2
FNDA:0,(anonymous_0)
FNDA:6,(anonymous_1)
FNDA:6,(anonymous_2)
FNDA:0,(anonymous_3)
DA:5,0
DA:9,6
DA:10,6
DA:16,6
DA:17,0
DA:18,0
DA:19,0
DA:27,2
DA:28,0
DA:29,2
DA:30,0
DA:33,2
DA:35,4
DA:36,0
DA:38,4
DA:39,4
DA:41,4
DA:46,6
DA:47,6
DA:53,6
DA:54,2
DA:55,2
DA:62,0
DA:63,0
DA:66,0
DA:68,6
DA:69,0
DA:71,6
DA:72,6
DA:74,6
DA:79,2
LF:31
LH:20
BRDA:5,0,0,0
BRDA:5,0,1,0
BRDA:5,1,0,0
BRDA:5,1,1,0
BRDA:16,2,0,0
BRDA:16,2,1,2
BRDA:18,3,0,0
BRDA:18,3,1,0
BRDA:18,4,0,0
BRDA:18,4,1,0
BRDA:18,4,2,0
BRDA:21,5,0,0
BRDA:21,5,1,0
BRDA:27,6,0,0
BRDA:27,6,1,2
BRDA:29,7,0,0
BRDA:29,7,1,2
BRDA:35,8,0,0
BRDA:35,8,1,4
BRDA:35,9,0,4
BRDA:35,9,1,4
BRDA:38,10,0,4
BRDA:38,10,1,0
BRDA:45,11,0,0
BRDA:53,12,0,2
BRDA:53,12,1,0
BRDA:57,13,0,0
BRDA:57,13,1,0
BRDA:62,14,0,0
BRDA:62,14,1,0
BRDA:68,15,0,0
BRDA:68,15,1,6
BRDA:68,16,0,6
BRDA:68,16,1,6
BRDA:71,17,0,6
BRDA:71,17,1,0
BRF:36
BRH:12
end_of_record
TN:
SF:src/styles/theme.ts
FNF:0
FNH:0
DA:1,4
LF:1
LH:1
BRF:0
BRH:0
end_of_record
TN:
SF:src/types/index.ts
FNF:0
FNH:0
LF:0
LH:0
BRF:0
BRH:0
end_of_record
